[1.795s] Invoking command in '/home/daniele/ros2_ws/build/unicycle_controller': MESA_EXTENSION_OVERRIDE=  -GL_ARB_buffer_storage   -GL_ARB_multi_draw_indirect   -GL_ARB_texture_buffer_range   -GL_ARB_compute_shader   -GL_ARB_ES3_compatibility PYTHONPATH=/home/daniele/ros2_ws/build/unicycle_controller/prefix_override:/usr/lib/python3/dist-packages/colcon_core/task/python/colcon_distutils_commands:/home/daniele/ros2_ws/install/unicycle_controller/lib/python3.10/site-packages:${PYTHONPATH} /usr/bin/python3 -W ignore:setup.py install is deprecated setup.py develop --editable --build-directory /home/daniele/ros2_ws/build/unicycle_controller/build --no-deps symlink_data
[2.209s] running develop
[2.213s] /usr/lib/python3/dist-packages/setuptools/command/easy_install.py:158: EasyInstallDeprecationWarning: easy_install command is deprecated. Use build and pip and other standards-based tools.
[2.213s]   warnings.warn(
[2.479s] running egg_info
[2.479s] creating unicycle_controller.egg-info
[2.479s] writing unicycle_controller.egg-info/PKG-INFO
[2.481s] writing dependency_links to unicycle_controller.egg-info/dependency_links.txt
[2.481s] writing entry points to unicycle_controller.egg-info/entry_points.txt
[2.482s] writing requirements to unicycle_controller.egg-info/requires.txt
[2.482s] writing top-level names to unicycle_controller.egg-info/top_level.txt
[2.482s] writing manifest file 'unicycle_controller.egg-info/SOURCES.txt'
[2.485s] reading manifest file 'unicycle_controller.egg-info/SOURCES.txt'
[2.486s] writing manifest file 'unicycle_controller.egg-info/SOURCES.txt'
[2.488s] running build_ext
[2.488s] Creating /home/daniele/ros2_ws/install/unicycle_controller/lib/python3.10/site-packages/unicycle-controller.egg-link (link to .)
[2.490s] 
[2.490s] Installed /home/daniele/ros2_ws/build/unicycle_controller
[2.490s] running symlink_data
[2.490s] creating /home/daniele/ros2_ws/install/unicycle_controller/share/ament_index
[2.490s] creating /home/daniele/ros2_ws/install/unicycle_controller/share/ament_index/resource_index
[2.490s] creating /home/daniele/ros2_ws/install/unicycle_controller/share/ament_index/resource_index/packages
[2.490s] symbolically linking /home/daniele/ros2_ws/build/unicycle_controller/resource/unicycle_controller -> /home/daniele/ros2_ws/install/unicycle_controller/share/ament_index/resource_index/packages
[2.491s] symbolically linking /home/daniele/ros2_ws/build/unicycle_controller/package.xml -> /home/daniele/ros2_ws/install/unicycle_controller/share/unicycle_controller
[2.531s] Invoked command in '/home/daniele/ros2_ws/build/unicycle_controller' returned '0': MESA_EXTENSION_OVERRIDE=  -GL_ARB_buffer_storage   -GL_ARB_multi_draw_indirect   -GL_ARB_texture_buffer_range   -GL_ARB_compute_shader   -GL_ARB_ES3_compatibility PYTHONPATH=/home/daniele/ros2_ws/build/unicycle_controller/prefix_override:/usr/lib/python3/dist-packages/colcon_core/task/python/colcon_distutils_commands:/home/daniele/ros2_ws/install/unicycle_controller/lib/python3.10/site-packages:${PYTHONPATH} /usr/bin/python3 -W ignore:setup.py install is deprecated setup.py develop --editable --build-directory /home/daniele/ros2_ws/build/unicycle_controller/build --no-deps symlink_data
