[0.327s] DEBUG:colcon:Command line arguments: ['/usr/bin/colcon', 'build', '--symlink-install']
[0.327s] DEBUG:colcon:Parsed command line arguments: Namespace(log_base=None, log_level=None, verb_name='build', build_base='build', install_base='install', merge_install=False, symlink_install=True, test_result_base=None, continue_on_error=False, executor='parallel', parallel_workers=4, event_handlers=None, ignore_user_meta=False, metas=['./colcon.meta'], base_paths=['.'], packages_ignore=None, packages_ignore_regex=None, paths=None, packages_up_to=None, packages_up_to_regex=None, packages_above=None, packages_above_and_dependencies=None, packages_above_depth=None, packages_select_by_dep=None, packages_skip_by_dep=None, packages_skip_up_to=None, packages_select_build_failed=False, packages_skip_build_finished=False, packages_select_test_failures=False, packages_skip_test_passed=False, packages_select=None, packages_skip=None, packages_select_regex=None, packages_skip_regex=None, packages_start=None, packages_end=None, allow_overriding=[], cmake_args=None, cmake_target=None, cmake_target_skip_unavailable=False, cmake_clean_cache=False, cmake_clean_first=False, cmake_force_configure=False, ament_cmake_args=None, catkin_cmake_args=None, catkin_skip_building_tests=False, mixin_files=None, mixin=None, verb_parser=<colcon_mixin.mixin.mixin_argument.MixinArgumentDecorator object at 0x772210d0aad0>, verb_extension=<colcon_core.verb.build.BuildVerb object at 0x772210d0a5f0>, main=<bound method BuildVerb.main of <colcon_core.verb.build.BuildVerb object at 0x772210d0a5f0>>, mixin_verb=('build',))
[0.952s] Level 1:colcon.colcon_core.package_discovery:discover_packages(colcon_meta) check parameters
[0.952s] Level 1:colcon.colcon_core.package_discovery:discover_packages(recursive) check parameters
[0.952s] Level 1:colcon.colcon_core.package_discovery:discover_packages(ignore) check parameters
[0.952s] Level 1:colcon.colcon_core.package_discovery:discover_packages(path) check parameters
[0.952s] Level 1:colcon.colcon_core.package_discovery:discover_packages(colcon_meta) discover
[0.952s] Level 1:colcon.colcon_core.package_discovery:discover_packages(recursive) discover
[0.952s] INFO:colcon.colcon_core.package_discovery:Crawling recursively for packages in '/home/daniele/ros2_ws'
[0.952s] Level 1:colcon.colcon_core.package_identification:_identify(.) by extensions ['ignore', 'ignore_ament_install']
[0.953s] Level 1:colcon.colcon_core.package_identification:_identify(.) by extension 'ignore'
[0.953s] Level 1:colcon.colcon_core.package_identification:_identify(.) by extension 'ignore_ament_install'
[0.953s] Level 1:colcon.colcon_core.package_identification:_identify(.) by extensions ['colcon_pkg']
[0.953s] Level 1:colcon.colcon_core.package_identification:_identify(.) by extension 'colcon_pkg'
[0.953s] Level 1:colcon.colcon_core.package_identification:_identify(.) by extensions ['colcon_meta']
[0.953s] Level 1:colcon.colcon_core.package_identification:_identify(.) by extension 'colcon_meta'
[0.953s] Level 1:colcon.colcon_core.package_identification:_identify(.) by extensions ['ros']
[0.953s] Level 1:colcon.colcon_core.package_identification:_identify(.) by extension 'ros'
[0.980s] Level 1:colcon.colcon_core.package_identification:_identify(.) by extensions ['cmake', 'python']
[0.980s] Level 1:colcon.colcon_core.package_identification:_identify(.) by extension 'cmake'
[0.980s] Level 1:colcon.colcon_core.package_identification:_identify(.) by extension 'python'
[0.980s] Level 1:colcon.colcon_core.package_identification:_identify(.) by extensions ['python_setup_py']
[0.980s] Level 1:colcon.colcon_core.package_identification:_identify(.) by extension 'python_setup_py'
[0.980s] Level 1:colcon.colcon_core.package_identification:_identify(build) by extensions ['ignore', 'ignore_ament_install']
[0.980s] Level 1:colcon.colcon_core.package_identification:_identify(build) by extension 'ignore'
[0.981s] Level 1:colcon.colcon_core.package_identification:_identify(build) ignored
[0.981s] Level 1:colcon.colcon_core.package_identification:_identify(install) by extensions ['ignore', 'ignore_ament_install']
[0.981s] Level 1:colcon.colcon_core.package_identification:_identify(install) by extension 'ignore'
[0.981s] Level 1:colcon.colcon_core.package_identification:_identify(install) ignored
[0.981s] Level 1:colcon.colcon_core.package_identification:_identify(log) by extensions ['ignore', 'ignore_ament_install']
[0.981s] Level 1:colcon.colcon_core.package_identification:_identify(log) by extension 'ignore'
[0.982s] Level 1:colcon.colcon_core.package_identification:_identify(log) ignored
[0.982s] Level 1:colcon.colcon_core.package_identification:_identify(src) by extensions ['ignore', 'ignore_ament_install']
[0.982s] Level 1:colcon.colcon_core.package_identification:_identify(src) by extension 'ignore'
[0.982s] Level 1:colcon.colcon_core.package_identification:_identify(src) by extension 'ignore_ament_install'
[0.982s] Level 1:colcon.colcon_core.package_identification:_identify(src) by extensions ['colcon_pkg']
[0.982s] Level 1:colcon.colcon_core.package_identification:_identify(src) by extension 'colcon_pkg'
[0.982s] Level 1:colcon.colcon_core.package_identification:_identify(src) by extensions ['colcon_meta']
[0.982s] Level 1:colcon.colcon_core.package_identification:_identify(src) by extension 'colcon_meta'
[0.982s] Level 1:colcon.colcon_core.package_identification:_identify(src) by extensions ['ros']
[0.982s] Level 1:colcon.colcon_core.package_identification:_identify(src) by extension 'ros'
[0.983s] Level 1:colcon.colcon_core.package_identification:_identify(src) by extensions ['cmake', 'python']
[0.983s] Level 1:colcon.colcon_core.package_identification:_identify(src) by extension 'cmake'
[0.984s] Level 1:colcon.colcon_core.package_identification:_identify(src) by extension 'python'
[0.984s] Level 1:colcon.colcon_core.package_identification:_identify(src) by extensions ['python_setup_py']
[0.984s] Level 1:colcon.colcon_core.package_identification:_identify(src) by extension 'python_setup_py'
[0.984s] Level 1:colcon.colcon_core.package_identification:_identify(src/unicycle_controller) by extensions ['ignore', 'ignore_ament_install']
[0.984s] Level 1:colcon.colcon_core.package_identification:_identify(src/unicycle_controller) by extension 'ignore'
[0.984s] Level 1:colcon.colcon_core.package_identification:_identify(src/unicycle_controller) by extension 'ignore_ament_install'
[0.984s] Level 1:colcon.colcon_core.package_identification:_identify(src/unicycle_controller) by extensions ['colcon_pkg']
[0.985s] Level 1:colcon.colcon_core.package_identification:_identify(src/unicycle_controller) by extension 'colcon_pkg'
[0.985s] Level 1:colcon.colcon_core.package_identification:_identify(src/unicycle_controller) by extensions ['colcon_meta']
[0.985s] Level 1:colcon.colcon_core.package_identification:_identify(src/unicycle_controller) by extension 'colcon_meta'
[0.985s] Level 1:colcon.colcon_core.package_identification:_identify(src/unicycle_controller) by extensions ['ros']
[0.985s] Level 1:colcon.colcon_core.package_identification:_identify(src/unicycle_controller) by extension 'ros'
[0.994s] DEBUG:colcon.colcon_core.package_identification:Package 'src/unicycle_controller' with type 'ros.ament_python' and name 'unicycle_controller'
[0.995s] Level 1:colcon.colcon_core.package_identification:_identify(src/unicycle_model) by extensions ['ignore', 'ignore_ament_install']
[0.996s] Level 1:colcon.colcon_core.package_identification:_identify(src/unicycle_model) by extension 'ignore'
[0.996s] Level 1:colcon.colcon_core.package_identification:_identify(src/unicycle_model) by extension 'ignore_ament_install'
[0.996s] Level 1:colcon.colcon_core.package_identification:_identify(src/unicycle_model) by extensions ['colcon_pkg']
[0.996s] Level 1:colcon.colcon_core.package_identification:_identify(src/unicycle_model) by extension 'colcon_pkg'
[0.996s] Level 1:colcon.colcon_core.package_identification:_identify(src/unicycle_model) by extensions ['colcon_meta']
[0.996s] Level 1:colcon.colcon_core.package_identification:_identify(src/unicycle_model) by extension 'colcon_meta'
[0.997s] Level 1:colcon.colcon_core.package_identification:_identify(src/unicycle_model) by extensions ['ros']
[0.997s] Level 1:colcon.colcon_core.package_identification:_identify(src/unicycle_model) by extension 'ros'
[1.012s] DEBUG:colcon.colcon_core.package_identification:Package 'src/unicycle_model' with type 'ros.ament_cmake' and name 'unicycle_model'
[1.013s] Level 1:colcon.colcon_core.package_discovery:discover_packages(recursive) using defaults
[1.013s] Level 1:colcon.colcon_core.package_discovery:discover_packages(ignore) discover
[1.013s] Level 1:colcon.colcon_core.package_discovery:discover_packages(ignore) using defaults
[1.013s] Level 1:colcon.colcon_core.package_discovery:discover_packages(path) discover
[1.013s] Level 1:colcon.colcon_core.package_discovery:discover_packages(path) using defaults
[1.060s] Level 1:colcon.colcon_core.package_discovery:discover_packages(prefix_path) check parameters
[1.061s] Level 1:colcon.colcon_core.package_discovery:discover_packages(prefix_path) discover
[1.069s] DEBUG:colcon.colcon_installed_package_information.package_discovery:Found 319 installed packages in /opt/ros/humble
[1.071s] Level 1:colcon.colcon_core.package_discovery:discover_packages(prefix_path) using defaults
[1.149s] Level 5:colcon.colcon_core.verb:set package 'unicycle_controller' build argument 'cmake_args' from command line to 'None'
[1.149s] Level 5:colcon.colcon_core.verb:set package 'unicycle_controller' build argument 'cmake_target' from command line to 'None'
[1.149s] Level 5:colcon.colcon_core.verb:set package 'unicycle_controller' build argument 'cmake_target_skip_unavailable' from command line to 'False'
[1.150s] Level 5:colcon.colcon_core.verb:set package 'unicycle_controller' build argument 'cmake_clean_cache' from command line to 'False'
[1.150s] Level 5:colcon.colcon_core.verb:set package 'unicycle_controller' build argument 'cmake_clean_first' from command line to 'False'
[1.150s] Level 5:colcon.colcon_core.verb:set package 'unicycle_controller' build argument 'cmake_force_configure' from command line to 'False'
[1.150s] Level 5:colcon.colcon_core.verb:set package 'unicycle_controller' build argument 'ament_cmake_args' from command line to 'None'
[1.150s] Level 5:colcon.colcon_core.verb:set package 'unicycle_controller' build argument 'catkin_cmake_args' from command line to 'None'
[1.150s] Level 5:colcon.colcon_core.verb:set package 'unicycle_controller' build argument 'catkin_skip_building_tests' from command line to 'False'
[1.150s] DEBUG:colcon.colcon_core.verb:Building package 'unicycle_controller' with the following arguments: {'ament_cmake_args': None, 'build_base': '/home/daniele/ros2_ws/build/unicycle_controller', 'catkin_cmake_args': None, 'catkin_skip_building_tests': False, 'cmake_args': None, 'cmake_clean_cache': False, 'cmake_clean_first': False, 'cmake_force_configure': False, 'cmake_target': None, 'cmake_target_skip_unavailable': False, 'install_base': '/home/daniele/ros2_ws/install/unicycle_controller', 'merge_install': False, 'path': '/home/daniele/ros2_ws/src/unicycle_controller', 'symlink_install': True, 'test_result_base': None}
[1.150s] Level 5:colcon.colcon_core.verb:set package 'unicycle_model' build argument 'cmake_args' from command line to 'None'
[1.150s] Level 5:colcon.colcon_core.verb:set package 'unicycle_model' build argument 'cmake_target' from command line to 'None'
[1.151s] Level 5:colcon.colcon_core.verb:set package 'unicycle_model' build argument 'cmake_target_skip_unavailable' from command line to 'False'
[1.151s] Level 5:colcon.colcon_core.verb:set package 'unicycle_model' build argument 'cmake_clean_cache' from command line to 'False'
[1.151s] Level 5:colcon.colcon_core.verb:set package 'unicycle_model' build argument 'cmake_clean_first' from command line to 'False'
[1.151s] Level 5:colcon.colcon_core.verb:set package 'unicycle_model' build argument 'cmake_force_configure' from command line to 'False'
[1.151s] Level 5:colcon.colcon_core.verb:set package 'unicycle_model' build argument 'ament_cmake_args' from command line to 'None'
[1.151s] Level 5:colcon.colcon_core.verb:set package 'unicycle_model' build argument 'catkin_cmake_args' from command line to 'None'
[1.151s] Level 5:colcon.colcon_core.verb:set package 'unicycle_model' build argument 'catkin_skip_building_tests' from command line to 'False'
[1.151s] DEBUG:colcon.colcon_core.verb:Building package 'unicycle_model' with the following arguments: {'ament_cmake_args': None, 'build_base': '/home/daniele/ros2_ws/build/unicycle_model', 'catkin_cmake_args': None, 'catkin_skip_building_tests': False, 'cmake_args': None, 'cmake_clean_cache': False, 'cmake_clean_first': False, 'cmake_force_configure': False, 'cmake_target': None, 'cmake_target_skip_unavailable': False, 'install_base': '/home/daniele/ros2_ws/install/unicycle_model', 'merge_install': False, 'path': '/home/daniele/ros2_ws/src/unicycle_model', 'symlink_install': True, 'test_result_base': None}
[1.151s] INFO:colcon.colcon_core.executor:Executing jobs using 'parallel' executor
[1.153s] DEBUG:colcon.colcon_parallel_executor.executor.parallel:run_until_complete
[1.153s] INFO:colcon.colcon_ros.task.ament_python.build:Building ROS package in '/home/daniele/ros2_ws/src/unicycle_controller' with build type 'ament_python'
[1.154s] Level 1:colcon.colcon_core.shell:create_environment_hook('unicycle_controller', 'ament_prefix_path')
[1.164s] INFO:colcon.colcon_core.plugin_system:Skipping extension 'colcon_core.shell.bat': Not used on non-Windows systems
[1.165s] INFO:colcon.colcon_core.shell:Creating environment hook '/home/daniele/ros2_ws/install/unicycle_controller/share/unicycle_controller/hook/ament_prefix_path.ps1'
[1.167s] INFO:colcon.colcon_core.shell:Creating environment descriptor '/home/daniele/ros2_ws/install/unicycle_controller/share/unicycle_controller/hook/ament_prefix_path.dsv'
[1.169s] INFO:colcon.colcon_core.shell:Creating environment hook '/home/daniele/ros2_ws/install/unicycle_controller/share/unicycle_controller/hook/ament_prefix_path.sh'
[1.171s] INFO:colcon.colcon_core.shell:Skip shell extension 'powershell' for command environment: Not usable outside of PowerShell
[1.171s] DEBUG:colcon.colcon_core.shell:Skip shell extension 'dsv' for command environment
[1.177s] INFO:colcon.colcon_ros.task.ament_cmake.build:Building ROS package in '/home/daniele/ros2_ws/src/unicycle_model' with build type 'ament_cmake'
[1.178s] INFO:colcon.colcon_cmake.task.cmake.build:Building CMake package in '/home/daniele/ros2_ws/src/unicycle_model'
[1.178s] INFO:colcon.colcon_core.shell:Skip shell extension 'powershell' for command environment: Not usable outside of PowerShell
[1.178s] DEBUG:colcon.colcon_core.shell:Skip shell extension 'dsv' for command environment
[1.632s] INFO:colcon.colcon_core.task.python.build:Building Python package in '/home/daniele/ros2_ws/src/unicycle_controller'
[1.632s] INFO:colcon.colcon_core.shell:Skip shell extension 'powershell' for command environment: Not usable outside of PowerShell
[1.632s] DEBUG:colcon.colcon_core.shell:Skip shell extension 'dsv' for command environment
[1.645s] DEBUG:colcon.colcon_core.event_handler.log_command:Invoking command in '/home/daniele/ros2_ws/build/unicycle_model': CMAKE_PREFIX_PATH=/opt/ros/humble MESA_EXTENSION_OVERRIDE=  -GL_ARB_buffer_storage   -GL_ARB_multi_draw_indirect   -GL_ARB_texture_buffer_range   -GL_ARB_compute_shader   -GL_ARB_ES3_compatibility /usr/bin/cmake --build /home/daniele/ros2_ws/build/unicycle_model -- -j4 -l4
[1.818s] DEBUG:colcon.colcon_core.event_handler.log_command:Invoked command in '/home/daniele/ros2_ws/build/unicycle_model' returned '0': CMAKE_PREFIX_PATH=/opt/ros/humble MESA_EXTENSION_OVERRIDE=  -GL_ARB_buffer_storage   -GL_ARB_multi_draw_indirect   -GL_ARB_texture_buffer_range   -GL_ARB_compute_shader   -GL_ARB_ES3_compatibility /usr/bin/cmake --build /home/daniele/ros2_ws/build/unicycle_model -- -j4 -l4
[1.899s] DEBUG:colcon.colcon_core.event_handler.log_command:Invoking command in '/home/daniele/ros2_ws/build/unicycle_model': CMAKE_PREFIX_PATH=/opt/ros/humble MESA_EXTENSION_OVERRIDE=  -GL_ARB_buffer_storage   -GL_ARB_multi_draw_indirect   -GL_ARB_texture_buffer_range   -GL_ARB_compute_shader   -GL_ARB_ES3_compatibility /usr/bin/cmake --install /home/daniele/ros2_ws/build/unicycle_model
[1.954s] Level 1:colcon.colcon_core.environment:create_environment_scripts_only(unicycle_model)
[1.955s] DEBUG:colcon.colcon_core.event_handler.log_command:Invoked command in '/home/daniele/ros2_ws/build/unicycle_model' returned '0': CMAKE_PREFIX_PATH=/opt/ros/humble MESA_EXTENSION_OVERRIDE=  -GL_ARB_buffer_storage   -GL_ARB_multi_draw_indirect   -GL_ARB_texture_buffer_range   -GL_ARB_compute_shader   -GL_ARB_ES3_compatibility /usr/bin/cmake --install /home/daniele/ros2_ws/build/unicycle_model
[1.965s] Level 1:colcon.colcon_core.environment:checking '/home/daniele/ros2_ws/install/unicycle_model' for CMake module files
[1.967s] Level 1:colcon.colcon_core.environment:checking '/home/daniele/ros2_ws/install/unicycle_model' for CMake config files
[1.973s] Level 1:colcon.colcon_core.shell:create_environment_hook('unicycle_model', 'cmake_prefix_path')
[1.974s] INFO:colcon.colcon_core.shell:Creating environment hook '/home/daniele/ros2_ws/install/unicycle_model/share/unicycle_model/hook/cmake_prefix_path.ps1'
[1.976s] INFO:colcon.colcon_core.shell:Creating environment descriptor '/home/daniele/ros2_ws/install/unicycle_model/share/unicycle_model/hook/cmake_prefix_path.dsv'
[1.977s] INFO:colcon.colcon_core.shell:Creating environment hook '/home/daniele/ros2_ws/install/unicycle_model/share/unicycle_model/hook/cmake_prefix_path.sh'
[1.979s] Level 1:colcon.colcon_core.environment:checking '/home/daniele/ros2_ws/install/unicycle_model/lib'
[1.979s] Level 1:colcon.colcon_core.environment:checking '/home/daniele/ros2_ws/install/unicycle_model/bin'
[1.979s] Level 1:colcon.colcon_core.environment:checking '/home/daniele/ros2_ws/install/unicycle_model/lib/pkgconfig/unicycle_model.pc'
[1.980s] Level 1:colcon.colcon_core.environment:checking '/home/daniele/ros2_ws/install/unicycle_model/lib/python3.10/site-packages'
[1.980s] Level 1:colcon.colcon_core.environment:checking '/home/daniele/ros2_ws/install/unicycle_model/bin'
[1.981s] INFO:colcon.colcon_core.shell:Creating package script '/home/daniele/ros2_ws/install/unicycle_model/share/unicycle_model/package.ps1'
[1.983s] INFO:colcon.colcon_core.shell:Creating package descriptor '/home/daniele/ros2_ws/install/unicycle_model/share/unicycle_model/package.dsv'
[1.986s] INFO:colcon.colcon_core.shell:Creating package script '/home/daniele/ros2_ws/install/unicycle_model/share/unicycle_model/package.sh'
[1.988s] INFO:colcon.colcon_core.shell:Creating package script '/home/daniele/ros2_ws/install/unicycle_model/share/unicycle_model/package.bash'
[1.990s] INFO:colcon.colcon_core.shell:Creating package script '/home/daniele/ros2_ws/install/unicycle_model/share/unicycle_model/package.zsh'
[1.992s] Level 1:colcon.colcon_core.environment:create_file_with_runtime_dependencies(/home/daniele/ros2_ws/install/unicycle_model/share/colcon-core/packages/unicycle_model)
[2.047s] Level 1:colcon.colcon_core.environment:create_environment_scripts_only(unicycle_model)
[2.047s] Level 1:colcon.colcon_core.environment:checking '/home/daniele/ros2_ws/install/unicycle_model' for CMake module files
[2.048s] Level 1:colcon.colcon_core.environment:checking '/home/daniele/ros2_ws/install/unicycle_model' for CMake config files
[2.049s] Level 1:colcon.colcon_core.shell:create_environment_hook('unicycle_model', 'cmake_prefix_path')
[2.050s] INFO:colcon.colcon_core.shell:Creating environment hook '/home/daniele/ros2_ws/install/unicycle_model/share/unicycle_model/hook/cmake_prefix_path.ps1'
[2.051s] INFO:colcon.colcon_core.shell:Creating environment descriptor '/home/daniele/ros2_ws/install/unicycle_model/share/unicycle_model/hook/cmake_prefix_path.dsv'
[2.051s] INFO:colcon.colcon_core.shell:Creating environment hook '/home/daniele/ros2_ws/install/unicycle_model/share/unicycle_model/hook/cmake_prefix_path.sh'
[2.053s] Level 1:colcon.colcon_core.environment:checking '/home/daniele/ros2_ws/install/unicycle_model/lib'
[2.053s] Level 1:colcon.colcon_core.environment:checking '/home/daniele/ros2_ws/install/unicycle_model/bin'
[2.053s] Level 1:colcon.colcon_core.environment:checking '/home/daniele/ros2_ws/install/unicycle_model/lib/pkgconfig/unicycle_model.pc'
[2.054s] Level 1:colcon.colcon_core.environment:checking '/home/daniele/ros2_ws/install/unicycle_model/lib/python3.10/site-packages'
[2.054s] Level 1:colcon.colcon_core.environment:checking '/home/daniele/ros2_ws/install/unicycle_model/bin'
[2.055s] INFO:colcon.colcon_core.shell:Creating package script '/home/daniele/ros2_ws/install/unicycle_model/share/unicycle_model/package.ps1'
[2.056s] INFO:colcon.colcon_core.shell:Creating package descriptor '/home/daniele/ros2_ws/install/unicycle_model/share/unicycle_model/package.dsv'
[2.057s] INFO:colcon.colcon_core.shell:Creating package script '/home/daniele/ros2_ws/install/unicycle_model/share/unicycle_model/package.sh'
[2.058s] INFO:colcon.colcon_core.shell:Creating package script '/home/daniele/ros2_ws/install/unicycle_model/share/unicycle_model/package.bash'
[2.059s] INFO:colcon.colcon_core.shell:Creating package script '/home/daniele/ros2_ws/install/unicycle_model/share/unicycle_model/package.zsh'
[2.060s] Level 1:colcon.colcon_core.environment:create_file_with_runtime_dependencies(/home/daniele/ros2_ws/install/unicycle_model/share/colcon-core/packages/unicycle_model)
[2.590s] DEBUG:colcon.colcon_core.event_handler.log_command:Invoking command in '/home/daniele/ros2_ws/build/unicycle_controller': MESA_EXTENSION_OVERRIDE=  -GL_ARB_buffer_storage   -GL_ARB_multi_draw_indirect   -GL_ARB_texture_buffer_range   -GL_ARB_compute_shader   -GL_ARB_ES3_compatibility PYTHONPATH=/home/daniele/ros2_ws/build/unicycle_controller/prefix_override:/usr/lib/python3/dist-packages/colcon_core/task/python/colcon_distutils_commands:/home/daniele/ros2_ws/install/unicycle_controller/lib/python3.10/site-packages:${PYTHONPATH} /usr/bin/python3 -W ignore:setup.py install is deprecated setup.py develop --editable --build-directory /home/daniele/ros2_ws/build/unicycle_controller/build --no-deps symlink_data
[3.369s] Level 1:colcon.colcon_core.shell:create_environment_hook('unicycle_controller', 'pythonpath_develop')
[3.370s] INFO:colcon.colcon_core.shell:Creating environment hook '/home/daniele/ros2_ws/build/unicycle_controller/share/unicycle_controller/hook/pythonpath_develop.ps1'
[3.371s] DEBUG:colcon.colcon_core.event_handler.log_command:Invoked command in '/home/daniele/ros2_ws/build/unicycle_controller' returned '0': MESA_EXTENSION_OVERRIDE=  -GL_ARB_buffer_storage   -GL_ARB_multi_draw_indirect   -GL_ARB_texture_buffer_range   -GL_ARB_compute_shader   -GL_ARB_ES3_compatibility PYTHONPATH=/home/daniele/ros2_ws/build/unicycle_controller/prefix_override:/usr/lib/python3/dist-packages/colcon_core/task/python/colcon_distutils_commands:/home/daniele/ros2_ws/install/unicycle_controller/lib/python3.10/site-packages:${PYTHONPATH} /usr/bin/python3 -W ignore:setup.py install is deprecated setup.py develop --editable --build-directory /home/daniele/ros2_ws/build/unicycle_controller/build --no-deps symlink_data
[3.372s] INFO:colcon.colcon_core.shell:Creating environment descriptor '/home/daniele/ros2_ws/build/unicycle_controller/share/unicycle_controller/hook/pythonpath_develop.dsv'
[3.373s] INFO:colcon.colcon_core.shell:Creating environment hook '/home/daniele/ros2_ws/build/unicycle_controller/share/unicycle_controller/hook/pythonpath_develop.sh'
[3.374s] Level 1:colcon.colcon_core.environment:checking '/home/daniele/ros2_ws/install/unicycle_controller' for CMake module files
[3.375s] Level 1:colcon.colcon_core.environment:checking '/home/daniele/ros2_ws/install/unicycle_controller' for CMake config files
[3.378s] Level 1:colcon.colcon_core.environment:checking '/home/daniele/ros2_ws/install/unicycle_controller/lib'
[3.378s] Level 1:colcon.colcon_core.environment:checking '/home/daniele/ros2_ws/install/unicycle_controller/bin'
[3.378s] Level 1:colcon.colcon_core.environment:checking '/home/daniele/ros2_ws/install/unicycle_controller/lib/pkgconfig/unicycle_controller.pc'
[3.378s] Level 1:colcon.colcon_core.environment:checking '/home/daniele/ros2_ws/install/unicycle_controller/lib/python3.10/site-packages'
[3.379s] Level 1:colcon.colcon_core.shell:create_environment_hook('unicycle_controller', 'pythonpath')
[3.379s] INFO:colcon.colcon_core.shell:Creating environment hook '/home/daniele/ros2_ws/install/unicycle_controller/share/unicycle_controller/hook/pythonpath.ps1'
[3.380s] INFO:colcon.colcon_core.shell:Creating environment descriptor '/home/daniele/ros2_ws/install/unicycle_controller/share/unicycle_controller/hook/pythonpath.dsv'
[3.381s] INFO:colcon.colcon_core.shell:Creating environment hook '/home/daniele/ros2_ws/install/unicycle_controller/share/unicycle_controller/hook/pythonpath.sh'
[3.382s] Level 1:colcon.colcon_core.environment:checking '/home/daniele/ros2_ws/install/unicycle_controller/bin'
[3.382s] Level 1:colcon.colcon_core.environment:create_environment_scripts_only(unicycle_controller)
[3.383s] INFO:colcon.colcon_core.shell:Creating package script '/home/daniele/ros2_ws/install/unicycle_controller/share/unicycle_controller/package.ps1'
[3.384s] INFO:colcon.colcon_core.shell:Creating package descriptor '/home/daniele/ros2_ws/install/unicycle_controller/share/unicycle_controller/package.dsv'
[3.387s] INFO:colcon.colcon_core.shell:Creating package script '/home/daniele/ros2_ws/install/unicycle_controller/share/unicycle_controller/package.sh'
[3.388s] INFO:colcon.colcon_core.shell:Creating package script '/home/daniele/ros2_ws/install/unicycle_controller/share/unicycle_controller/package.bash'
[3.389s] INFO:colcon.colcon_core.shell:Creating package script '/home/daniele/ros2_ws/install/unicycle_controller/share/unicycle_controller/package.zsh'
[3.390s] Level 1:colcon.colcon_core.environment:create_file_with_runtime_dependencies(/home/daniele/ros2_ws/install/unicycle_controller/share/colcon-core/packages/unicycle_controller)
[3.391s] DEBUG:colcon.colcon_parallel_executor.executor.parallel:closing loop
[3.391s] DEBUG:colcon.colcon_parallel_executor.executor.parallel:loop closed
[3.391s] DEBUG:colcon.colcon_parallel_executor.executor.parallel:run_until_complete finished with '0'
[3.391s] DEBUG:colcon.colcon_core.event_reactor:joining thread
[3.415s] INFO:colcon.colcon_core.plugin_system:Skipping extension 'colcon_notification.desktop_notification.terminal_notifier': Not used on non-Darwin systems
[3.416s] INFO:colcon.colcon_core.plugin_system:Skipping extension 'colcon_notification.desktop_notification.win32': Not used on non-Windows systems
[3.416s] INFO:colcon.colcon_notification.desktop_notification:Sending desktop notification using 'notify2'
[3.533s] DEBUG:colcon.colcon_core.event_reactor:joined thread
[3.534s] INFO:colcon.colcon_core.shell:Creating prefix script '/home/daniele/ros2_ws/install/local_setup.ps1'
[3.536s] INFO:colcon.colcon_core.shell:Creating prefix util module '/home/daniele/ros2_ws/install/_local_setup_util_ps1.py'
[3.540s] INFO:colcon.colcon_core.shell:Creating prefix chain script '/home/daniele/ros2_ws/install/setup.ps1'
[3.543s] INFO:colcon.colcon_core.shell:Creating prefix script '/home/daniele/ros2_ws/install/local_setup.sh'
[3.547s] INFO:colcon.colcon_core.shell:Creating prefix util module '/home/daniele/ros2_ws/install/_local_setup_util_sh.py'
[3.550s] INFO:colcon.colcon_core.shell:Creating prefix chain script '/home/daniele/ros2_ws/install/setup.sh'
[3.553s] INFO:colcon.colcon_core.shell:Creating prefix script '/home/daniele/ros2_ws/install/local_setup.bash'
[3.555s] INFO:colcon.colcon_core.shell:Creating prefix chain script '/home/daniele/ros2_ws/install/setup.bash'
[3.558s] INFO:colcon.colcon_core.shell:Creating prefix script '/home/daniele/ros2_ws/install/local_setup.zsh'
[3.560s] INFO:colcon.colcon_core.shell:Creating prefix chain script '/home/daniele/ros2_ws/install/setup.zsh'
