[0.185s] DEBUG:colcon:Command line arguments: ['/usr/bin/colcon', 'build', '--symlink-install']
[0.185s] DEBUG:colcon:Parsed command line arguments: Namespace(log_base=None, log_level=None, verb_name='build', build_base='build', install_base='install', merge_install=False, symlink_install=True, test_result_base=None, continue_on_error=False, executor='parallel', parallel_workers=4, event_handlers=None, ignore_user_meta=False, metas=['./colcon.meta'], base_paths=['.'], packages_ignore=None, packages_ignore_regex=None, paths=None, packages_up_to=None, packages_up_to_regex=None, packages_above=None, packages_above_and_dependencies=None, packages_above_depth=None, packages_select_by_dep=None, packages_skip_by_dep=None, packages_skip_up_to=None, packages_select_build_failed=False, packages_skip_build_finished=False, packages_select_test_failures=False, packages_skip_test_passed=False, packages_select=None, packages_skip=None, packages_select_regex=None, packages_skip_regex=None, packages_start=None, packages_end=None, allow_overriding=[], cmake_args=None, cmake_target=None, cmake_target_skip_unavailable=False, cmake_clean_cache=False, cmake_clean_first=False, cmake_force_configure=False, ament_cmake_args=None, catkin_cmake_args=None, catkin_skip_building_tests=False, mixin_files=None, mixin=None, verb_parser=<colcon_mixin.mixin.mixin_argument.MixinArgumentDecorator object at 0x7b16140e2d70>, verb_extension=<colcon_core.verb.build.BuildVerb object at 0x7b16140e2890>, main=<bound method BuildVerb.main of <colcon_core.verb.build.BuildVerb object at 0x7b16140e2890>>, mixin_verb=('build',))
[0.507s] Level 1:colcon.colcon_core.package_discovery:discover_packages(colcon_meta) check parameters
[0.507s] Level 1:colcon.colcon_core.package_discovery:discover_packages(recursive) check parameters
[0.507s] Level 1:colcon.colcon_core.package_discovery:discover_packages(ignore) check parameters
[0.507s] Level 1:colcon.colcon_core.package_discovery:discover_packages(path) check parameters
[0.507s] Level 1:colcon.colcon_core.package_discovery:discover_packages(colcon_meta) discover
[0.507s] Level 1:colcon.colcon_core.package_discovery:discover_packages(recursive) discover
[0.508s] INFO:colcon.colcon_core.package_discovery:Crawling recursively for packages in '/home/daniele/ros2_ws'
[0.508s] Level 1:colcon.colcon_core.package_identification:_identify(.) by extensions ['ignore', 'ignore_ament_install']
[0.508s] Level 1:colcon.colcon_core.package_identification:_identify(.) by extension 'ignore'
[0.508s] Level 1:colcon.colcon_core.package_identification:_identify(.) by extension 'ignore_ament_install'
[0.508s] Level 1:colcon.colcon_core.package_identification:_identify(.) by extensions ['colcon_pkg']
[0.508s] Level 1:colcon.colcon_core.package_identification:_identify(.) by extension 'colcon_pkg'
[0.508s] Level 1:colcon.colcon_core.package_identification:_identify(.) by extensions ['colcon_meta']
[0.508s] Level 1:colcon.colcon_core.package_identification:_identify(.) by extension 'colcon_meta'
[0.508s] Level 1:colcon.colcon_core.package_identification:_identify(.) by extensions ['ros']
[0.508s] Level 1:colcon.colcon_core.package_identification:_identify(.) by extension 'ros'
[0.530s] Level 1:colcon.colcon_core.package_identification:_identify(.) by extensions ['cmake', 'python']
[0.530s] Level 1:colcon.colcon_core.package_identification:_identify(.) by extension 'cmake'
[0.530s] Level 1:colcon.colcon_core.package_identification:_identify(.) by extension 'python'
[0.530s] Level 1:colcon.colcon_core.package_identification:_identify(.) by extensions ['python_setup_py']
[0.531s] Level 1:colcon.colcon_core.package_identification:_identify(.) by extension 'python_setup_py'
[0.531s] Level 1:colcon.colcon_core.package_identification:_identify(build) by extensions ['ignore', 'ignore_ament_install']
[0.531s] Level 1:colcon.colcon_core.package_identification:_identify(build) by extension 'ignore'
[0.531s] Level 1:colcon.colcon_core.package_identification:_identify(build) ignored
[0.531s] Level 1:colcon.colcon_core.package_identification:_identify(install) by extensions ['ignore', 'ignore_ament_install']
[0.531s] Level 1:colcon.colcon_core.package_identification:_identify(install) by extension 'ignore'
[0.531s] Level 1:colcon.colcon_core.package_identification:_identify(install) ignored
[0.532s] Level 1:colcon.colcon_core.package_identification:_identify(log) by extensions ['ignore', 'ignore_ament_install']
[0.532s] Level 1:colcon.colcon_core.package_identification:_identify(log) by extension 'ignore'
[0.532s] Level 1:colcon.colcon_core.package_identification:_identify(log) ignored
[0.532s] Level 1:colcon.colcon_core.package_identification:_identify(src) by extensions ['ignore', 'ignore_ament_install']
[0.532s] Level 1:colcon.colcon_core.package_identification:_identify(src) by extension 'ignore'
[0.532s] Level 1:colcon.colcon_core.package_identification:_identify(src) by extension 'ignore_ament_install'
[0.532s] Level 1:colcon.colcon_core.package_identification:_identify(src) by extensions ['colcon_pkg']
[0.532s] Level 1:colcon.colcon_core.package_identification:_identify(src) by extension 'colcon_pkg'
[0.533s] Level 1:colcon.colcon_core.package_identification:_identify(src) by extensions ['colcon_meta']
[0.533s] Level 1:colcon.colcon_core.package_identification:_identify(src) by extension 'colcon_meta'
[0.533s] Level 1:colcon.colcon_core.package_identification:_identify(src) by extensions ['ros']
[0.533s] Level 1:colcon.colcon_core.package_identification:_identify(src) by extension 'ros'
[0.533s] Level 1:colcon.colcon_core.package_identification:_identify(src) by extensions ['cmake', 'python']
[0.533s] Level 1:colcon.colcon_core.package_identification:_identify(src) by extension 'cmake'
[0.533s] Level 1:colcon.colcon_core.package_identification:_identify(src) by extension 'python'
[0.533s] Level 1:colcon.colcon_core.package_identification:_identify(src) by extensions ['python_setup_py']
[0.533s] Level 1:colcon.colcon_core.package_identification:_identify(src) by extension 'python_setup_py'
[0.533s] Level 1:colcon.colcon_core.package_identification:_identify(src/unicycle_controller) by extensions ['ignore', 'ignore_ament_install']
[0.534s] Level 1:colcon.colcon_core.package_identification:_identify(src/unicycle_controller) by extension 'ignore'
[0.534s] Level 1:colcon.colcon_core.package_identification:_identify(src/unicycle_controller) by extension 'ignore_ament_install'
[0.534s] Level 1:colcon.colcon_core.package_identification:_identify(src/unicycle_controller) by extensions ['colcon_pkg']
[0.534s] Level 1:colcon.colcon_core.package_identification:_identify(src/unicycle_controller) by extension 'colcon_pkg'
[0.534s] Level 1:colcon.colcon_core.package_identification:_identify(src/unicycle_controller) by extensions ['colcon_meta']
[0.534s] Level 1:colcon.colcon_core.package_identification:_identify(src/unicycle_controller) by extension 'colcon_meta'
[0.534s] Level 1:colcon.colcon_core.package_identification:_identify(src/unicycle_controller) by extensions ['ros']
[0.534s] Level 1:colcon.colcon_core.package_identification:_identify(src/unicycle_controller) by extension 'ros'
[0.538s] DEBUG:colcon.colcon_core.package_identification:Package 'src/unicycle_controller' with type 'ros.ament_python' and name 'unicycle_controller'
[0.539s] Level 1:colcon.colcon_core.package_identification:_identify(src/unicycle_model) by extensions ['ignore', 'ignore_ament_install']
[0.539s] Level 1:colcon.colcon_core.package_identification:_identify(src/unicycle_model) by extension 'ignore'
[0.539s] Level 1:colcon.colcon_core.package_identification:_identify(src/unicycle_model) by extension 'ignore_ament_install'
[0.539s] Level 1:colcon.colcon_core.package_identification:_identify(src/unicycle_model) by extensions ['colcon_pkg']
[0.539s] Level 1:colcon.colcon_core.package_identification:_identify(src/unicycle_model) by extension 'colcon_pkg'
[0.539s] Level 1:colcon.colcon_core.package_identification:_identify(src/unicycle_model) by extensions ['colcon_meta']
[0.539s] Level 1:colcon.colcon_core.package_identification:_identify(src/unicycle_model) by extension 'colcon_meta'
[0.539s] Level 1:colcon.colcon_core.package_identification:_identify(src/unicycle_model) by extensions ['ros']
[0.539s] Level 1:colcon.colcon_core.package_identification:_identify(src/unicycle_model) by extension 'ros'
[0.542s] DEBUG:colcon.colcon_core.package_identification:Package 'src/unicycle_model' with type 'ros.ament_cmake' and name 'unicycle_model'
[0.542s] Level 1:colcon.colcon_core.package_discovery:discover_packages(recursive) using defaults
[0.542s] Level 1:colcon.colcon_core.package_discovery:discover_packages(ignore) discover
[0.542s] Level 1:colcon.colcon_core.package_discovery:discover_packages(ignore) using defaults
[0.542s] Level 1:colcon.colcon_core.package_discovery:discover_packages(path) discover
[0.542s] Level 1:colcon.colcon_core.package_discovery:discover_packages(path) using defaults
[0.587s] Level 1:colcon.colcon_core.package_discovery:discover_packages(prefix_path) check parameters
[0.587s] Level 1:colcon.colcon_core.package_discovery:discover_packages(prefix_path) discover
[0.590s] DEBUG:colcon.colcon_installed_package_information.package_discovery:Found 2 installed packages in /home/daniele/ros2_ws/install
[0.592s] DEBUG:colcon.colcon_installed_package_information.package_discovery:Found 319 installed packages in /opt/ros/humble
[0.595s] Level 1:colcon.colcon_core.package_discovery:discover_packages(prefix_path) using defaults
[0.664s] Level 5:colcon.colcon_core.verb:set package 'unicycle_controller' build argument 'cmake_args' from command line to 'None'
[0.664s] Level 5:colcon.colcon_core.verb:set package 'unicycle_controller' build argument 'cmake_target' from command line to 'None'
[0.664s] Level 5:colcon.colcon_core.verb:set package 'unicycle_controller' build argument 'cmake_target_skip_unavailable' from command line to 'False'
[0.664s] Level 5:colcon.colcon_core.verb:set package 'unicycle_controller' build argument 'cmake_clean_cache' from command line to 'False'
[0.664s] Level 5:colcon.colcon_core.verb:set package 'unicycle_controller' build argument 'cmake_clean_first' from command line to 'False'
[0.664s] Level 5:colcon.colcon_core.verb:set package 'unicycle_controller' build argument 'cmake_force_configure' from command line to 'False'
[0.664s] Level 5:colcon.colcon_core.verb:set package 'unicycle_controller' build argument 'ament_cmake_args' from command line to 'None'
[0.664s] Level 5:colcon.colcon_core.verb:set package 'unicycle_controller' build argument 'catkin_cmake_args' from command line to 'None'
[0.664s] Level 5:colcon.colcon_core.verb:set package 'unicycle_controller' build argument 'catkin_skip_building_tests' from command line to 'False'
[0.664s] DEBUG:colcon.colcon_core.verb:Building package 'unicycle_controller' with the following arguments: {'ament_cmake_args': None, 'build_base': '/home/daniele/ros2_ws/build/unicycle_controller', 'catkin_cmake_args': None, 'catkin_skip_building_tests': False, 'cmake_args': None, 'cmake_clean_cache': False, 'cmake_clean_first': False, 'cmake_force_configure': False, 'cmake_target': None, 'cmake_target_skip_unavailable': False, 'install_base': '/home/daniele/ros2_ws/install/unicycle_controller', 'merge_install': False, 'path': '/home/daniele/ros2_ws/src/unicycle_controller', 'symlink_install': True, 'test_result_base': None}
[0.665s] Level 5:colcon.colcon_core.verb:set package 'unicycle_model' build argument 'cmake_args' from command line to 'None'
[0.665s] Level 5:colcon.colcon_core.verb:set package 'unicycle_model' build argument 'cmake_target' from command line to 'None'
[0.665s] Level 5:colcon.colcon_core.verb:set package 'unicycle_model' build argument 'cmake_target_skip_unavailable' from command line to 'False'
[0.665s] Level 5:colcon.colcon_core.verb:set package 'unicycle_model' build argument 'cmake_clean_cache' from command line to 'False'
[0.665s] Level 5:colcon.colcon_core.verb:set package 'unicycle_model' build argument 'cmake_clean_first' from command line to 'False'
[0.665s] Level 5:colcon.colcon_core.verb:set package 'unicycle_model' build argument 'cmake_force_configure' from command line to 'False'
[0.665s] Level 5:colcon.colcon_core.verb:set package 'unicycle_model' build argument 'ament_cmake_args' from command line to 'None'
[0.665s] Level 5:colcon.colcon_core.verb:set package 'unicycle_model' build argument 'catkin_cmake_args' from command line to 'None'
[0.665s] Level 5:colcon.colcon_core.verb:set package 'unicycle_model' build argument 'catkin_skip_building_tests' from command line to 'False'
[0.665s] DEBUG:colcon.colcon_core.verb:Building package 'unicycle_model' with the following arguments: {'ament_cmake_args': None, 'build_base': '/home/daniele/ros2_ws/build/unicycle_model', 'catkin_cmake_args': None, 'catkin_skip_building_tests': False, 'cmake_args': None, 'cmake_clean_cache': False, 'cmake_clean_first': False, 'cmake_force_configure': False, 'cmake_target': None, 'cmake_target_skip_unavailable': False, 'install_base': '/home/daniele/ros2_ws/install/unicycle_model', 'merge_install': False, 'path': '/home/daniele/ros2_ws/src/unicycle_model', 'symlink_install': True, 'test_result_base': None}
[0.666s] INFO:colcon.colcon_core.executor:Executing jobs using 'parallel' executor
[0.667s] DEBUG:colcon.colcon_parallel_executor.executor.parallel:run_until_complete
[0.668s] INFO:colcon.colcon_ros.task.ament_python.build:Building ROS package in '/home/daniele/ros2_ws/src/unicycle_controller' with build type 'ament_python'
[0.669s] Level 1:colcon.colcon_core.shell:create_environment_hook('unicycle_controller', 'ament_prefix_path')
[0.672s] INFO:colcon.colcon_core.plugin_system:Skipping extension 'colcon_core.shell.bat': Not used on non-Windows systems
[0.672s] INFO:colcon.colcon_core.shell:Creating environment hook '/home/daniele/ros2_ws/install/unicycle_controller/share/unicycle_controller/hook/ament_prefix_path.ps1'
[0.674s] INFO:colcon.colcon_core.shell:Creating environment descriptor '/home/daniele/ros2_ws/install/unicycle_controller/share/unicycle_controller/hook/ament_prefix_path.dsv'
[0.674s] INFO:colcon.colcon_core.shell:Creating environment hook '/home/daniele/ros2_ws/install/unicycle_controller/share/unicycle_controller/hook/ament_prefix_path.sh'
[0.676s] INFO:colcon.colcon_core.shell:Skip shell extension 'powershell' for command environment: Not usable outside of PowerShell
[0.676s] DEBUG:colcon.colcon_core.shell:Skip shell extension 'dsv' for command environment
[0.682s] INFO:colcon.colcon_ros.task.ament_cmake.build:Building ROS package in '/home/daniele/ros2_ws/src/unicycle_model' with build type 'ament_cmake'
[0.683s] INFO:colcon.colcon_cmake.task.cmake.build:Building CMake package in '/home/daniele/ros2_ws/src/unicycle_model'
[0.683s] INFO:colcon.colcon_core.shell:Skip shell extension 'powershell' for command environment: Not usable outside of PowerShell
[0.683s] DEBUG:colcon.colcon_core.shell:Skip shell extension 'dsv' for command environment
[1.165s] INFO:colcon.colcon_core.task.python.build:Building Python package in '/home/daniele/ros2_ws/src/unicycle_controller'
[1.165s] INFO:colcon.colcon_core.shell:Skip shell extension 'powershell' for command environment: Not usable outside of PowerShell
[1.166s] DEBUG:colcon.colcon_core.shell:Skip shell extension 'dsv' for command environment
[1.184s] DEBUG:colcon.colcon_core.event_handler.log_command:Invoking command in '/home/daniele/ros2_ws/build/unicycle_model': CMAKE_PREFIX_PATH=${CMAKE_PREFIX_PATH}:/home/daniele/ros2_ws/install/unicycle_controller:/opt/ros/humble MESA_EXTENSION_OVERRIDE=  -GL_ARB_buffer_storage   -GL_ARB_multi_draw_indirect   -GL_ARB_texture_buffer_range   -GL_ARB_compute_shader   -GL_ARB_ES3_compatibility /usr/bin/cmake --build /home/daniele/ros2_ws/build/unicycle_model -- -j4 -l4
[1.274s] DEBUG:colcon.colcon_core.event_handler.log_command:Invoked command in '/home/daniele/ros2_ws/build/unicycle_model' returned '0': CMAKE_PREFIX_PATH=${CMAKE_PREFIX_PATH}:/home/daniele/ros2_ws/install/unicycle_controller:/opt/ros/humble MESA_EXTENSION_OVERRIDE=  -GL_ARB_buffer_storage   -GL_ARB_multi_draw_indirect   -GL_ARB_texture_buffer_range   -GL_ARB_compute_shader   -GL_ARB_ES3_compatibility /usr/bin/cmake --build /home/daniele/ros2_ws/build/unicycle_model -- -j4 -l4
[1.348s] DEBUG:colcon.colcon_core.event_handler.log_command:Invoking command in '/home/daniele/ros2_ws/build/unicycle_model': CMAKE_PREFIX_PATH=${CMAKE_PREFIX_PATH}:/home/daniele/ros2_ws/install/unicycle_controller:/opt/ros/humble MESA_EXTENSION_OVERRIDE=  -GL_ARB_buffer_storage   -GL_ARB_multi_draw_indirect   -GL_ARB_texture_buffer_range   -GL_ARB_compute_shader   -GL_ARB_ES3_compatibility /usr/bin/cmake --install /home/daniele/ros2_ws/build/unicycle_model
[1.393s] Level 1:colcon.colcon_core.environment:create_environment_scripts_only(unicycle_model)
[1.394s] DEBUG:colcon.colcon_core.event_handler.log_command:Invoked command in '/home/daniele/ros2_ws/build/unicycle_model' returned '0': CMAKE_PREFIX_PATH=${CMAKE_PREFIX_PATH}:/home/daniele/ros2_ws/install/unicycle_controller:/opt/ros/humble MESA_EXTENSION_OVERRIDE=  -GL_ARB_buffer_storage   -GL_ARB_multi_draw_indirect   -GL_ARB_texture_buffer_range   -GL_ARB_compute_shader   -GL_ARB_ES3_compatibility /usr/bin/cmake --install /home/daniele/ros2_ws/build/unicycle_model
[1.398s] Level 1:colcon.colcon_core.environment:checking '/home/daniele/ros2_ws/install/unicycle_model' for CMake module files
[1.399s] Level 1:colcon.colcon_core.environment:checking '/home/daniele/ros2_ws/install/unicycle_model' for CMake config files
[1.400s] Level 1:colcon.colcon_core.shell:create_environment_hook('unicycle_model', 'cmake_prefix_path')
[1.401s] INFO:colcon.colcon_core.shell:Creating environment hook '/home/daniele/ros2_ws/install/unicycle_model/share/unicycle_model/hook/cmake_prefix_path.ps1'
[1.402s] INFO:colcon.colcon_core.shell:Creating environment descriptor '/home/daniele/ros2_ws/install/unicycle_model/share/unicycle_model/hook/cmake_prefix_path.dsv'
[1.403s] INFO:colcon.colcon_core.shell:Creating environment hook '/home/daniele/ros2_ws/install/unicycle_model/share/unicycle_model/hook/cmake_prefix_path.sh'
[1.404s] Level 1:colcon.colcon_core.environment:checking '/home/daniele/ros2_ws/install/unicycle_model/lib'
[1.405s] Level 1:colcon.colcon_core.environment:checking '/home/daniele/ros2_ws/install/unicycle_model/bin'
[1.405s] Level 1:colcon.colcon_core.environment:checking '/home/daniele/ros2_ws/install/unicycle_model/lib/pkgconfig/unicycle_model.pc'
[1.405s] Level 1:colcon.colcon_core.environment:checking '/home/daniele/ros2_ws/install/unicycle_model/lib/python3.10/site-packages'
[1.406s] Level 1:colcon.colcon_core.environment:checking '/home/daniele/ros2_ws/install/unicycle_model/bin'
[1.407s] INFO:colcon.colcon_core.shell:Creating package script '/home/daniele/ros2_ws/install/unicycle_model/share/unicycle_model/package.ps1'
[1.409s] INFO:colcon.colcon_core.shell:Creating package descriptor '/home/daniele/ros2_ws/install/unicycle_model/share/unicycle_model/package.dsv'
[1.410s] INFO:colcon.colcon_core.shell:Creating package script '/home/daniele/ros2_ws/install/unicycle_model/share/unicycle_model/package.sh'
[1.412s] INFO:colcon.colcon_core.shell:Creating package script '/home/daniele/ros2_ws/install/unicycle_model/share/unicycle_model/package.bash'
[1.415s] INFO:colcon.colcon_core.shell:Creating package script '/home/daniele/ros2_ws/install/unicycle_model/share/unicycle_model/package.zsh'
[1.418s] Level 1:colcon.colcon_core.environment:create_file_with_runtime_dependencies(/home/daniele/ros2_ws/install/unicycle_model/share/colcon-core/packages/unicycle_model)
[1.471s] Level 1:colcon.colcon_core.environment:create_environment_scripts_only(unicycle_model)
[1.472s] Level 1:colcon.colcon_core.environment:checking '/home/daniele/ros2_ws/install/unicycle_model' for CMake module files
[1.473s] Level 1:colcon.colcon_core.environment:checking '/home/daniele/ros2_ws/install/unicycle_model' for CMake config files
[1.474s] Level 1:colcon.colcon_core.shell:create_environment_hook('unicycle_model', 'cmake_prefix_path')
[1.474s] INFO:colcon.colcon_core.shell:Creating environment hook '/home/daniele/ros2_ws/install/unicycle_model/share/unicycle_model/hook/cmake_prefix_path.ps1'
[1.475s] INFO:colcon.colcon_core.shell:Creating environment descriptor '/home/daniele/ros2_ws/install/unicycle_model/share/unicycle_model/hook/cmake_prefix_path.dsv'
[1.476s] INFO:colcon.colcon_core.shell:Creating environment hook '/home/daniele/ros2_ws/install/unicycle_model/share/unicycle_model/hook/cmake_prefix_path.sh'
[1.477s] Level 1:colcon.colcon_core.environment:checking '/home/daniele/ros2_ws/install/unicycle_model/lib'
[1.478s] Level 1:colcon.colcon_core.environment:checking '/home/daniele/ros2_ws/install/unicycle_model/bin'
[1.478s] Level 1:colcon.colcon_core.environment:checking '/home/daniele/ros2_ws/install/unicycle_model/lib/pkgconfig/unicycle_model.pc'
[1.478s] Level 1:colcon.colcon_core.environment:checking '/home/daniele/ros2_ws/install/unicycle_model/lib/python3.10/site-packages'
[1.479s] Level 1:colcon.colcon_core.environment:checking '/home/daniele/ros2_ws/install/unicycle_model/bin'
[1.479s] INFO:colcon.colcon_core.shell:Creating package script '/home/daniele/ros2_ws/install/unicycle_model/share/unicycle_model/package.ps1'
[1.481s] INFO:colcon.colcon_core.shell:Creating package descriptor '/home/daniele/ros2_ws/install/unicycle_model/share/unicycle_model/package.dsv'
[1.481s] INFO:colcon.colcon_core.shell:Creating package script '/home/daniele/ros2_ws/install/unicycle_model/share/unicycle_model/package.sh'
[1.482s] INFO:colcon.colcon_core.shell:Creating package script '/home/daniele/ros2_ws/install/unicycle_model/share/unicycle_model/package.bash'
[1.483s] INFO:colcon.colcon_core.shell:Creating package script '/home/daniele/ros2_ws/install/unicycle_model/share/unicycle_model/package.zsh'
[1.484s] Level 1:colcon.colcon_core.environment:create_file_with_runtime_dependencies(/home/daniele/ros2_ws/install/unicycle_model/share/colcon-core/packages/unicycle_model)
[1.859s] DEBUG:colcon.colcon_core.event_handler.log_command:Invoking command in '/home/daniele/ros2_ws/build/unicycle_controller': MESA_EXTENSION_OVERRIDE=  -GL_ARB_buffer_storage   -GL_ARB_multi_draw_indirect   -GL_ARB_texture_buffer_range   -GL_ARB_compute_shader   -GL_ARB_ES3_compatibility PYTHONPATH=/home/daniele/ros2_ws/build/unicycle_controller/prefix_override:/usr/lib/python3/dist-packages/colcon_core/task/python/colcon_distutils_commands:/home/daniele/ros2_ws/install/unicycle_controller/lib/python3.10/site-packages:${PYTHONPATH} /usr/bin/python3 -W ignore:setup.py install is deprecated setup.py develop --editable --build-directory /home/daniele/ros2_ws/build/unicycle_controller/build --no-deps symlink_data
[2.628s] Level 1:colcon.colcon_core.shell:create_environment_hook('unicycle_controller', 'pythonpath_develop')
[2.629s] INFO:colcon.colcon_core.shell:Creating environment hook '/home/daniele/ros2_ws/build/unicycle_controller/share/unicycle_controller/hook/pythonpath_develop.ps1'
[2.630s] DEBUG:colcon.colcon_core.event_handler.log_command:Invoked command in '/home/daniele/ros2_ws/build/unicycle_controller' returned '0': MESA_EXTENSION_OVERRIDE=  -GL_ARB_buffer_storage   -GL_ARB_multi_draw_indirect   -GL_ARB_texture_buffer_range   -GL_ARB_compute_shader   -GL_ARB_ES3_compatibility PYTHONPATH=/home/daniele/ros2_ws/build/unicycle_controller/prefix_override:/usr/lib/python3/dist-packages/colcon_core/task/python/colcon_distutils_commands:/home/daniele/ros2_ws/install/unicycle_controller/lib/python3.10/site-packages:${PYTHONPATH} /usr/bin/python3 -W ignore:setup.py install is deprecated setup.py develop --editable --build-directory /home/daniele/ros2_ws/build/unicycle_controller/build --no-deps symlink_data
[2.632s] INFO:colcon.colcon_core.shell:Creating environment descriptor '/home/daniele/ros2_ws/build/unicycle_controller/share/unicycle_controller/hook/pythonpath_develop.dsv'
[2.635s] INFO:colcon.colcon_core.shell:Creating environment hook '/home/daniele/ros2_ws/build/unicycle_controller/share/unicycle_controller/hook/pythonpath_develop.sh'
[2.637s] Level 1:colcon.colcon_core.environment:checking '/home/daniele/ros2_ws/install/unicycle_controller' for CMake module files
[2.638s] Level 1:colcon.colcon_core.environment:checking '/home/daniele/ros2_ws/install/unicycle_controller' for CMake config files
[2.639s] Level 1:colcon.colcon_core.environment:checking '/home/daniele/ros2_ws/install/unicycle_controller/lib'
[2.639s] Level 1:colcon.colcon_core.environment:checking '/home/daniele/ros2_ws/install/unicycle_controller/bin'
[2.639s] Level 1:colcon.colcon_core.environment:checking '/home/daniele/ros2_ws/install/unicycle_controller/lib/pkgconfig/unicycle_controller.pc'
[2.640s] Level 1:colcon.colcon_core.environment:checking '/home/daniele/ros2_ws/install/unicycle_controller/lib/python3.10/site-packages'
[2.640s] Level 1:colcon.colcon_core.shell:create_environment_hook('unicycle_controller', 'pythonpath')
[2.640s] INFO:colcon.colcon_core.shell:Creating environment hook '/home/daniele/ros2_ws/install/unicycle_controller/share/unicycle_controller/hook/pythonpath.ps1'
[2.642s] INFO:colcon.colcon_core.shell:Creating environment descriptor '/home/daniele/ros2_ws/install/unicycle_controller/share/unicycle_controller/hook/pythonpath.dsv'
[2.643s] INFO:colcon.colcon_core.shell:Creating environment hook '/home/daniele/ros2_ws/install/unicycle_controller/share/unicycle_controller/hook/pythonpath.sh'
[2.644s] Level 1:colcon.colcon_core.environment:checking '/home/daniele/ros2_ws/install/unicycle_controller/bin'
[2.645s] Level 1:colcon.colcon_core.environment:create_environment_scripts_only(unicycle_controller)
[2.645s] INFO:colcon.colcon_core.shell:Creating package script '/home/daniele/ros2_ws/install/unicycle_controller/share/unicycle_controller/package.ps1'
[2.646s] INFO:colcon.colcon_core.shell:Creating package descriptor '/home/daniele/ros2_ws/install/unicycle_controller/share/unicycle_controller/package.dsv'
[2.647s] INFO:colcon.colcon_core.shell:Creating package script '/home/daniele/ros2_ws/install/unicycle_controller/share/unicycle_controller/package.sh'
[2.648s] INFO:colcon.colcon_core.shell:Creating package script '/home/daniele/ros2_ws/install/unicycle_controller/share/unicycle_controller/package.bash'
[2.649s] INFO:colcon.colcon_core.shell:Creating package script '/home/daniele/ros2_ws/install/unicycle_controller/share/unicycle_controller/package.zsh'
[2.650s] Level 1:colcon.colcon_core.environment:create_file_with_runtime_dependencies(/home/daniele/ros2_ws/install/unicycle_controller/share/colcon-core/packages/unicycle_controller)
[2.651s] DEBUG:colcon.colcon_parallel_executor.executor.parallel:closing loop
[2.651s] DEBUG:colcon.colcon_parallel_executor.executor.parallel:loop closed
[2.651s] DEBUG:colcon.colcon_parallel_executor.executor.parallel:run_until_complete finished with '0'
[2.651s] DEBUG:colcon.colcon_core.event_reactor:joining thread
[2.661s] INFO:colcon.colcon_core.plugin_system:Skipping extension 'colcon_notification.desktop_notification.terminal_notifier': Not used on non-Darwin systems
[2.661s] INFO:colcon.colcon_core.plugin_system:Skipping extension 'colcon_notification.desktop_notification.win32': Not used on non-Windows systems
[2.661s] INFO:colcon.colcon_notification.desktop_notification:Sending desktop notification using 'notify2'
[2.686s] DEBUG:colcon.colcon_core.event_reactor:joined thread
[2.686s] INFO:colcon.colcon_core.shell:Creating prefix script '/home/daniele/ros2_ws/install/local_setup.ps1'
[2.688s] INFO:colcon.colcon_core.shell:Creating prefix util module '/home/daniele/ros2_ws/install/_local_setup_util_ps1.py'
[2.691s] INFO:colcon.colcon_core.shell:Creating prefix chain script '/home/daniele/ros2_ws/install/setup.ps1'
[2.695s] INFO:colcon.colcon_core.shell:Creating prefix script '/home/daniele/ros2_ws/install/local_setup.sh'
[2.696s] INFO:colcon.colcon_core.shell:Creating prefix util module '/home/daniele/ros2_ws/install/_local_setup_util_sh.py'
[2.699s] INFO:colcon.colcon_core.shell:Creating prefix chain script '/home/daniele/ros2_ws/install/setup.sh'
[2.702s] INFO:colcon.colcon_core.shell:Creating prefix script '/home/daniele/ros2_ws/install/local_setup.bash'
[2.703s] INFO:colcon.colcon_core.shell:Creating prefix chain script '/home/daniele/ros2_ws/install/setup.bash'
[2.706s] INFO:colcon.colcon_core.shell:Creating prefix script '/home/daniele/ros2_ws/install/local_setup.zsh'
[2.707s] INFO:colcon.colcon_core.shell:Creating prefix chain script '/home/daniele/ros2_ws/install/setup.zsh'
