[0.235s] DEBUG:colcon:Command line arguments: ['/usr/bin/colcon', 'build', '--symlink-install']
[0.235s] DEBUG:colcon:Parsed command line arguments: Namespace(log_base=None, log_level=None, verb_name='build', build_base='build', install_base='install', merge_install=False, symlink_install=True, test_result_base=None, continue_on_error=False, executor='parallel', parallel_workers=4, event_handlers=None, ignore_user_meta=False, metas=['./colcon.meta'], base_paths=['.'], packages_ignore=None, packages_ignore_regex=None, paths=None, packages_up_to=None, packages_up_to_regex=None, packages_above=None, packages_above_and_dependencies=None, packages_above_depth=None, packages_select_by_dep=None, packages_skip_by_dep=None, packages_skip_up_to=None, packages_select_build_failed=False, packages_skip_build_finished=False, packages_select_test_failures=False, packages_skip_test_passed=False, packages_select=None, packages_skip=None, packages_select_regex=None, packages_skip_regex=None, packages_start=None, packages_end=None, allow_overriding=[], cmake_args=None, cmake_target=None, cmake_target_skip_unavailable=False, cmake_clean_cache=False, cmake_clean_first=False, cmake_force_configure=False, ament_cmake_args=None, catkin_cmake_args=None, catkin_skip_building_tests=False, mixin_files=None, mixin=None, verb_parser=<colcon_mixin.mixin.mixin_argument.MixinArgumentDecorator object at 0x792b77e32d10>, verb_extension=<colcon_core.verb.build.BuildVerb object at 0x792b77e32830>, main=<bound method BuildVerb.main of <colcon_core.verb.build.BuildVerb object at 0x792b77e32830>>, mixin_verb=('build',))
[0.669s] Level 1:colcon.colcon_core.package_discovery:discover_packages(colcon_meta) check parameters
[0.669s] Level 1:colcon.colcon_core.package_discovery:discover_packages(recursive) check parameters
[0.669s] Level 1:colcon.colcon_core.package_discovery:discover_packages(ignore) check parameters
[0.669s] Level 1:colcon.colcon_core.package_discovery:discover_packages(path) check parameters
[0.670s] Level 1:colcon.colcon_core.package_discovery:discover_packages(colcon_meta) discover
[0.670s] Level 1:colcon.colcon_core.package_discovery:discover_packages(recursive) discover
[0.670s] INFO:colcon.colcon_core.package_discovery:Crawling recursively for packages in '/home/daniele/ros2_ws'
[0.671s] Level 1:colcon.colcon_core.package_identification:_identify(.) by extensions ['ignore', 'ignore_ament_install']
[0.671s] Level 1:colcon.colcon_core.package_identification:_identify(.) by extension 'ignore'
[0.671s] Level 1:colcon.colcon_core.package_identification:_identify(.) by extension 'ignore_ament_install'
[0.672s] Level 1:colcon.colcon_core.package_identification:_identify(.) by extensions ['colcon_pkg']
[0.672s] Level 1:colcon.colcon_core.package_identification:_identify(.) by extension 'colcon_pkg'
[0.672s] Level 1:colcon.colcon_core.package_identification:_identify(.) by extensions ['colcon_meta']
[0.672s] Level 1:colcon.colcon_core.package_identification:_identify(.) by extension 'colcon_meta'
[0.672s] Level 1:colcon.colcon_core.package_identification:_identify(.) by extensions ['ros']
[0.672s] Level 1:colcon.colcon_core.package_identification:_identify(.) by extension 'ros'
[0.693s] Level 1:colcon.colcon_core.package_identification:_identify(.) by extensions ['cmake', 'python']
[0.693s] Level 1:colcon.colcon_core.package_identification:_identify(.) by extension 'cmake'
[0.694s] Level 1:colcon.colcon_core.package_identification:_identify(.) by extension 'python'
[0.694s] Level 1:colcon.colcon_core.package_identification:_identify(.) by extensions ['python_setup_py']
[0.694s] Level 1:colcon.colcon_core.package_identification:_identify(.) by extension 'python_setup_py'
[0.695s] Level 1:colcon.colcon_core.package_identification:_identify(build) by extensions ['ignore', 'ignore_ament_install']
[0.695s] Level 1:colcon.colcon_core.package_identification:_identify(build) by extension 'ignore'
[0.695s] Level 1:colcon.colcon_core.package_identification:_identify(build) ignored
[0.695s] Level 1:colcon.colcon_core.package_identification:_identify(install) by extensions ['ignore', 'ignore_ament_install']
[0.695s] Level 1:colcon.colcon_core.package_identification:_identify(install) by extension 'ignore'
[0.696s] Level 1:colcon.colcon_core.package_identification:_identify(install) ignored
[0.696s] Level 1:colcon.colcon_core.package_identification:_identify(log) by extensions ['ignore', 'ignore_ament_install']
[0.696s] Level 1:colcon.colcon_core.package_identification:_identify(log) by extension 'ignore'
[0.696s] Level 1:colcon.colcon_core.package_identification:_identify(log) ignored
[0.696s] Level 1:colcon.colcon_core.package_identification:_identify(src) by extensions ['ignore', 'ignore_ament_install']
[0.696s] Level 1:colcon.colcon_core.package_identification:_identify(src) by extension 'ignore'
[0.696s] Level 1:colcon.colcon_core.package_identification:_identify(src) by extension 'ignore_ament_install'
[0.697s] Level 1:colcon.colcon_core.package_identification:_identify(src) by extensions ['colcon_pkg']
[0.697s] Level 1:colcon.colcon_core.package_identification:_identify(src) by extension 'colcon_pkg'
[0.697s] Level 1:colcon.colcon_core.package_identification:_identify(src) by extensions ['colcon_meta']
[0.697s] Level 1:colcon.colcon_core.package_identification:_identify(src) by extension 'colcon_meta'
[0.697s] Level 1:colcon.colcon_core.package_identification:_identify(src) by extensions ['ros']
[0.697s] Level 1:colcon.colcon_core.package_identification:_identify(src) by extension 'ros'
[0.697s] Level 1:colcon.colcon_core.package_identification:_identify(src) by extensions ['cmake', 'python']
[0.697s] Level 1:colcon.colcon_core.package_identification:_identify(src) by extension 'cmake'
[0.697s] Level 1:colcon.colcon_core.package_identification:_identify(src) by extension 'python'
[0.697s] Level 1:colcon.colcon_core.package_identification:_identify(src) by extensions ['python_setup_py']
[0.697s] Level 1:colcon.colcon_core.package_identification:_identify(src) by extension 'python_setup_py'
[0.697s] Level 1:colcon.colcon_core.package_identification:_identify(src/unicycle_controller) by extensions ['ignore', 'ignore_ament_install']
[0.698s] Level 1:colcon.colcon_core.package_identification:_identify(src/unicycle_controller) by extension 'ignore'
[0.698s] Level 1:colcon.colcon_core.package_identification:_identify(src/unicycle_controller) by extension 'ignore_ament_install'
[0.698s] Level 1:colcon.colcon_core.package_identification:_identify(src/unicycle_controller) by extensions ['colcon_pkg']
[0.698s] Level 1:colcon.colcon_core.package_identification:_identify(src/unicycle_controller) by extension 'colcon_pkg'
[0.698s] Level 1:colcon.colcon_core.package_identification:_identify(src/unicycle_controller) by extensions ['colcon_meta']
[0.698s] Level 1:colcon.colcon_core.package_identification:_identify(src/unicycle_controller) by extension 'colcon_meta'
[0.698s] Level 1:colcon.colcon_core.package_identification:_identify(src/unicycle_controller) by extensions ['ros']
[0.698s] Level 1:colcon.colcon_core.package_identification:_identify(src/unicycle_controller) by extension 'ros'
[0.703s] DEBUG:colcon.colcon_core.package_identification:Package 'src/unicycle_controller' with type 'ros.ament_python' and name 'unicycle_controller'
[0.703s] Level 1:colcon.colcon_core.package_identification:_identify(src/unicycle_model) by extensions ['ignore', 'ignore_ament_install']
[0.703s] Level 1:colcon.colcon_core.package_identification:_identify(src/unicycle_model) by extension 'ignore'
[0.703s] Level 1:colcon.colcon_core.package_identification:_identify(src/unicycle_model) by extension 'ignore_ament_install'
[0.704s] Level 1:colcon.colcon_core.package_identification:_identify(src/unicycle_model) by extensions ['colcon_pkg']
[0.704s] Level 1:colcon.colcon_core.package_identification:_identify(src/unicycle_model) by extension 'colcon_pkg'
[0.704s] Level 1:colcon.colcon_core.package_identification:_identify(src/unicycle_model) by extensions ['colcon_meta']
[0.704s] Level 1:colcon.colcon_core.package_identification:_identify(src/unicycle_model) by extension 'colcon_meta'
[0.704s] Level 1:colcon.colcon_core.package_identification:_identify(src/unicycle_model) by extensions ['ros']
[0.704s] Level 1:colcon.colcon_core.package_identification:_identify(src/unicycle_model) by extension 'ros'
[0.707s] DEBUG:colcon.colcon_core.package_identification:Package 'src/unicycle_model' with type 'ros.ament_cmake' and name 'unicycle_model'
[0.707s] Level 1:colcon.colcon_core.package_discovery:discover_packages(recursive) using defaults
[0.707s] Level 1:colcon.colcon_core.package_discovery:discover_packages(ignore) discover
[0.707s] Level 1:colcon.colcon_core.package_discovery:discover_packages(ignore) using defaults
[0.707s] Level 1:colcon.colcon_core.package_discovery:discover_packages(path) discover
[0.707s] Level 1:colcon.colcon_core.package_discovery:discover_packages(path) using defaults
[0.763s] Level 1:colcon.colcon_core.package_discovery:discover_packages(prefix_path) check parameters
[0.764s] Level 1:colcon.colcon_core.package_discovery:discover_packages(prefix_path) discover
[0.767s] DEBUG:colcon.colcon_installed_package_information.package_discovery:Found 2 installed packages in /home/daniele/ros2_ws/install
[0.771s] DEBUG:colcon.colcon_installed_package_information.package_discovery:Found 319 installed packages in /opt/ros/humble
[0.775s] Level 1:colcon.colcon_core.package_discovery:discover_packages(prefix_path) using defaults
[0.864s] Level 5:colcon.colcon_core.verb:set package 'unicycle_controller' build argument 'cmake_args' from command line to 'None'
[0.864s] Level 5:colcon.colcon_core.verb:set package 'unicycle_controller' build argument 'cmake_target' from command line to 'None'
[0.865s] Level 5:colcon.colcon_core.verb:set package 'unicycle_controller' build argument 'cmake_target_skip_unavailable' from command line to 'False'
[0.865s] Level 5:colcon.colcon_core.verb:set package 'unicycle_controller' build argument 'cmake_clean_cache' from command line to 'False'
[0.865s] Level 5:colcon.colcon_core.verb:set package 'unicycle_controller' build argument 'cmake_clean_first' from command line to 'False'
[0.865s] Level 5:colcon.colcon_core.verb:set package 'unicycle_controller' build argument 'cmake_force_configure' from command line to 'False'
[0.865s] Level 5:colcon.colcon_core.verb:set package 'unicycle_controller' build argument 'ament_cmake_args' from command line to 'None'
[0.865s] Level 5:colcon.colcon_core.verb:set package 'unicycle_controller' build argument 'catkin_cmake_args' from command line to 'None'
[0.865s] Level 5:colcon.colcon_core.verb:set package 'unicycle_controller' build argument 'catkin_skip_building_tests' from command line to 'False'
[0.865s] DEBUG:colcon.colcon_core.verb:Building package 'unicycle_controller' with the following arguments: {'ament_cmake_args': None, 'build_base': '/home/daniele/ros2_ws/build/unicycle_controller', 'catkin_cmake_args': None, 'catkin_skip_building_tests': False, 'cmake_args': None, 'cmake_clean_cache': False, 'cmake_clean_first': False, 'cmake_force_configure': False, 'cmake_target': None, 'cmake_target_skip_unavailable': False, 'install_base': '/home/daniele/ros2_ws/install/unicycle_controller', 'merge_install': False, 'path': '/home/daniele/ros2_ws/src/unicycle_controller', 'symlink_install': True, 'test_result_base': None}
[0.866s] Level 5:colcon.colcon_core.verb:set package 'unicycle_model' build argument 'cmake_args' from command line to 'None'
[0.866s] Level 5:colcon.colcon_core.verb:set package 'unicycle_model' build argument 'cmake_target' from command line to 'None'
[0.866s] Level 5:colcon.colcon_core.verb:set package 'unicycle_model' build argument 'cmake_target_skip_unavailable' from command line to 'False'
[0.866s] Level 5:colcon.colcon_core.verb:set package 'unicycle_model' build argument 'cmake_clean_cache' from command line to 'False'
[0.866s] Level 5:colcon.colcon_core.verb:set package 'unicycle_model' build argument 'cmake_clean_first' from command line to 'False'
[0.866s] Level 5:colcon.colcon_core.verb:set package 'unicycle_model' build argument 'cmake_force_configure' from command line to 'False'
[0.866s] Level 5:colcon.colcon_core.verb:set package 'unicycle_model' build argument 'ament_cmake_args' from command line to 'None'
[0.866s] Level 5:colcon.colcon_core.verb:set package 'unicycle_model' build argument 'catkin_cmake_args' from command line to 'None'
[0.866s] Level 5:colcon.colcon_core.verb:set package 'unicycle_model' build argument 'catkin_skip_building_tests' from command line to 'False'
[0.866s] DEBUG:colcon.colcon_core.verb:Building package 'unicycle_model' with the following arguments: {'ament_cmake_args': None, 'build_base': '/home/daniele/ros2_ws/build/unicycle_model', 'catkin_cmake_args': None, 'catkin_skip_building_tests': False, 'cmake_args': None, 'cmake_clean_cache': False, 'cmake_clean_first': False, 'cmake_force_configure': False, 'cmake_target': None, 'cmake_target_skip_unavailable': False, 'install_base': '/home/daniele/ros2_ws/install/unicycle_model', 'merge_install': False, 'path': '/home/daniele/ros2_ws/src/unicycle_model', 'symlink_install': True, 'test_result_base': None}
[0.866s] INFO:colcon.colcon_core.executor:Executing jobs using 'parallel' executor
[0.870s] DEBUG:colcon.colcon_parallel_executor.executor.parallel:run_until_complete
[0.872s] INFO:colcon.colcon_ros.task.ament_python.build:Building ROS package in '/home/daniele/ros2_ws/src/unicycle_controller' with build type 'ament_python'
[0.872s] Level 1:colcon.colcon_core.shell:create_environment_hook('unicycle_controller', 'ament_prefix_path')
[0.877s] INFO:colcon.colcon_core.plugin_system:Skipping extension 'colcon_core.shell.bat': Not used on non-Windows systems
[0.877s] INFO:colcon.colcon_core.shell:Creating environment hook '/home/daniele/ros2_ws/install/unicycle_controller/share/unicycle_controller/hook/ament_prefix_path.ps1'
[0.881s] INFO:colcon.colcon_core.shell:Creating environment descriptor '/home/daniele/ros2_ws/install/unicycle_controller/share/unicycle_controller/hook/ament_prefix_path.dsv'
[0.882s] INFO:colcon.colcon_core.shell:Creating environment hook '/home/daniele/ros2_ws/install/unicycle_controller/share/unicycle_controller/hook/ament_prefix_path.sh'
[0.886s] INFO:colcon.colcon_core.shell:Skip shell extension 'powershell' for command environment: Not usable outside of PowerShell
[0.887s] DEBUG:colcon.colcon_core.shell:Skip shell extension 'dsv' for command environment
[0.895s] INFO:colcon.colcon_ros.task.ament_cmake.build:Building ROS package in '/home/daniele/ros2_ws/src/unicycle_model' with build type 'ament_cmake'
[0.895s] INFO:colcon.colcon_cmake.task.cmake.build:Building CMake package in '/home/daniele/ros2_ws/src/unicycle_model'
[0.896s] INFO:colcon.colcon_core.shell:Skip shell extension 'powershell' for command environment: Not usable outside of PowerShell
[0.896s] DEBUG:colcon.colcon_core.shell:Skip shell extension 'dsv' for command environment
[1.479s] INFO:colcon.colcon_core.task.python.build:Building Python package in '/home/daniele/ros2_ws/src/unicycle_controller'
[1.481s] INFO:colcon.colcon_core.shell:Skip shell extension 'powershell' for command environment: Not usable outside of PowerShell
[1.481s] DEBUG:colcon.colcon_core.shell:Skip shell extension 'dsv' for command environment
[1.505s] DEBUG:colcon.colcon_core.event_handler.log_command:Invoking command in '/home/daniele/ros2_ws/build/unicycle_model': CMAKE_PREFIX_PATH=${CMAKE_PREFIX_PATH}:/home/daniele/ros2_ws/install/unicycle_controller:/opt/ros/humble MESA_EXTENSION_OVERRIDE=  -GL_ARB_buffer_storage   -GL_ARB_multi_draw_indirect   -GL_ARB_texture_buffer_range   -GL_ARB_compute_shader   -GL_ARB_ES3_compatibility /usr/bin/cmake --build /home/daniele/ros2_ws/build/unicycle_model -- -j4 -l4
[1.614s] DEBUG:colcon.colcon_core.event_handler.log_command:Invoked command in '/home/daniele/ros2_ws/build/unicycle_model' returned '0': CMAKE_PREFIX_PATH=${CMAKE_PREFIX_PATH}:/home/daniele/ros2_ws/install/unicycle_controller:/opt/ros/humble MESA_EXTENSION_OVERRIDE=  -GL_ARB_buffer_storage   -GL_ARB_multi_draw_indirect   -GL_ARB_texture_buffer_range   -GL_ARB_compute_shader   -GL_ARB_ES3_compatibility /usr/bin/cmake --build /home/daniele/ros2_ws/build/unicycle_model -- -j4 -l4
[1.715s] DEBUG:colcon.colcon_core.event_handler.log_command:Invoking command in '/home/daniele/ros2_ws/build/unicycle_model': CMAKE_PREFIX_PATH=${CMAKE_PREFIX_PATH}:/home/daniele/ros2_ws/install/unicycle_controller:/opt/ros/humble MESA_EXTENSION_OVERRIDE=  -GL_ARB_buffer_storage   -GL_ARB_multi_draw_indirect   -GL_ARB_texture_buffer_range   -GL_ARB_compute_shader   -GL_ARB_ES3_compatibility /usr/bin/cmake --install /home/daniele/ros2_ws/build/unicycle_model
[1.782s] Level 1:colcon.colcon_core.environment:create_environment_scripts_only(unicycle_model)
[1.785s] DEBUG:colcon.colcon_core.event_handler.log_command:Invoked command in '/home/daniele/ros2_ws/build/unicycle_model' returned '0': CMAKE_PREFIX_PATH=${CMAKE_PREFIX_PATH}:/home/daniele/ros2_ws/install/unicycle_controller:/opt/ros/humble MESA_EXTENSION_OVERRIDE=  -GL_ARB_buffer_storage   -GL_ARB_multi_draw_indirect   -GL_ARB_texture_buffer_range   -GL_ARB_compute_shader   -GL_ARB_ES3_compatibility /usr/bin/cmake --install /home/daniele/ros2_ws/build/unicycle_model
[1.788s] Level 1:colcon.colcon_core.environment:checking '/home/daniele/ros2_ws/install/unicycle_model' for CMake module files
[1.789s] Level 1:colcon.colcon_core.environment:checking '/home/daniele/ros2_ws/install/unicycle_model' for CMake config files
[1.790s] Level 1:colcon.colcon_core.shell:create_environment_hook('unicycle_model', 'cmake_prefix_path')
[1.791s] INFO:colcon.colcon_core.shell:Creating environment hook '/home/daniele/ros2_ws/install/unicycle_model/share/unicycle_model/hook/cmake_prefix_path.ps1'
[1.792s] INFO:colcon.colcon_core.shell:Creating environment descriptor '/home/daniele/ros2_ws/install/unicycle_model/share/unicycle_model/hook/cmake_prefix_path.dsv'
[1.793s] INFO:colcon.colcon_core.shell:Creating environment hook '/home/daniele/ros2_ws/install/unicycle_model/share/unicycle_model/hook/cmake_prefix_path.sh'
[1.795s] Level 1:colcon.colcon_core.environment:checking '/home/daniele/ros2_ws/install/unicycle_model/lib'
[1.796s] Level 1:colcon.colcon_core.environment:checking '/home/daniele/ros2_ws/install/unicycle_model/bin'
[1.796s] Level 1:colcon.colcon_core.environment:checking '/home/daniele/ros2_ws/install/unicycle_model/lib/pkgconfig/unicycle_model.pc'
[1.796s] Level 1:colcon.colcon_core.environment:checking '/home/daniele/ros2_ws/install/unicycle_model/lib/python3.10/site-packages'
[1.797s] Level 1:colcon.colcon_core.environment:checking '/home/daniele/ros2_ws/install/unicycle_model/bin'
[1.798s] INFO:colcon.colcon_core.shell:Creating package script '/home/daniele/ros2_ws/install/unicycle_model/share/unicycle_model/package.ps1'
[1.801s] INFO:colcon.colcon_core.shell:Creating package descriptor '/home/daniele/ros2_ws/install/unicycle_model/share/unicycle_model/package.dsv'
[1.803s] INFO:colcon.colcon_core.shell:Creating package script '/home/daniele/ros2_ws/install/unicycle_model/share/unicycle_model/package.sh'
[1.805s] INFO:colcon.colcon_core.shell:Creating package script '/home/daniele/ros2_ws/install/unicycle_model/share/unicycle_model/package.bash'
[1.807s] INFO:colcon.colcon_core.shell:Creating package script '/home/daniele/ros2_ws/install/unicycle_model/share/unicycle_model/package.zsh'
[1.809s] Level 1:colcon.colcon_core.environment:create_file_with_runtime_dependencies(/home/daniele/ros2_ws/install/unicycle_model/share/colcon-core/packages/unicycle_model)
[1.887s] Level 1:colcon.colcon_core.environment:create_environment_scripts_only(unicycle_model)
[1.887s] Level 1:colcon.colcon_core.environment:checking '/home/daniele/ros2_ws/install/unicycle_model' for CMake module files
[1.888s] Level 1:colcon.colcon_core.environment:checking '/home/daniele/ros2_ws/install/unicycle_model' for CMake config files
[1.890s] Level 1:colcon.colcon_core.shell:create_environment_hook('unicycle_model', 'cmake_prefix_path')
[1.890s] INFO:colcon.colcon_core.shell:Creating environment hook '/home/daniele/ros2_ws/install/unicycle_model/share/unicycle_model/hook/cmake_prefix_path.ps1'
[1.891s] INFO:colcon.colcon_core.shell:Creating environment descriptor '/home/daniele/ros2_ws/install/unicycle_model/share/unicycle_model/hook/cmake_prefix_path.dsv'
[1.893s] INFO:colcon.colcon_core.shell:Creating environment hook '/home/daniele/ros2_ws/install/unicycle_model/share/unicycle_model/hook/cmake_prefix_path.sh'
[1.895s] Level 1:colcon.colcon_core.environment:checking '/home/daniele/ros2_ws/install/unicycle_model/lib'
[1.895s] Level 1:colcon.colcon_core.environment:checking '/home/daniele/ros2_ws/install/unicycle_model/bin'
[1.895s] Level 1:colcon.colcon_core.environment:checking '/home/daniele/ros2_ws/install/unicycle_model/lib/pkgconfig/unicycle_model.pc'
[1.896s] Level 1:colcon.colcon_core.environment:checking '/home/daniele/ros2_ws/install/unicycle_model/lib/python3.10/site-packages'
[1.896s] Level 1:colcon.colcon_core.environment:checking '/home/daniele/ros2_ws/install/unicycle_model/bin'
[1.897s] INFO:colcon.colcon_core.shell:Creating package script '/home/daniele/ros2_ws/install/unicycle_model/share/unicycle_model/package.ps1'
[1.899s] INFO:colcon.colcon_core.shell:Creating package descriptor '/home/daniele/ros2_ws/install/unicycle_model/share/unicycle_model/package.dsv'
[1.900s] INFO:colcon.colcon_core.shell:Creating package script '/home/daniele/ros2_ws/install/unicycle_model/share/unicycle_model/package.sh'
[1.900s] INFO:colcon.colcon_core.shell:Creating package script '/home/daniele/ros2_ws/install/unicycle_model/share/unicycle_model/package.bash'
[1.902s] INFO:colcon.colcon_core.shell:Creating package script '/home/daniele/ros2_ws/install/unicycle_model/share/unicycle_model/package.zsh'
[1.903s] Level 1:colcon.colcon_core.environment:create_file_with_runtime_dependencies(/home/daniele/ros2_ws/install/unicycle_model/share/colcon-core/packages/unicycle_model)
[2.653s] DEBUG:colcon.colcon_core.event_handler.log_command:Invoking command in '/home/daniele/ros2_ws/build/unicycle_controller': MESA_EXTENSION_OVERRIDE=  -GL_ARB_buffer_storage   -GL_ARB_multi_draw_indirect   -GL_ARB_texture_buffer_range   -GL_ARB_compute_shader   -GL_ARB_ES3_compatibility PYTHONPATH=/home/daniele/ros2_ws/build/unicycle_controller/prefix_override:/usr/lib/python3/dist-packages/colcon_core/task/python/colcon_distutils_commands:/home/daniele/ros2_ws/install/unicycle_controller/lib/python3.10/site-packages:${PYTHONPATH} /usr/bin/python3 -W ignore:setup.py install is deprecated setup.py develop --editable --build-directory /home/daniele/ros2_ws/build/unicycle_controller/build --no-deps symlink_data
[3.615s] Level 1:colcon.colcon_core.shell:create_environment_hook('unicycle_controller', 'pythonpath_develop')
[3.615s] DEBUG:colcon.colcon_core.event_handler.log_command:Invoked command in '/home/daniele/ros2_ws/build/unicycle_controller' returned '0': MESA_EXTENSION_OVERRIDE=  -GL_ARB_buffer_storage   -GL_ARB_multi_draw_indirect   -GL_ARB_texture_buffer_range   -GL_ARB_compute_shader   -GL_ARB_ES3_compatibility PYTHONPATH=/home/daniele/ros2_ws/build/unicycle_controller/prefix_override:/usr/lib/python3/dist-packages/colcon_core/task/python/colcon_distutils_commands:/home/daniele/ros2_ws/install/unicycle_controller/lib/python3.10/site-packages:${PYTHONPATH} /usr/bin/python3 -W ignore:setup.py install is deprecated setup.py develop --editable --build-directory /home/daniele/ros2_ws/build/unicycle_controller/build --no-deps symlink_data
[3.616s] INFO:colcon.colcon_core.shell:Creating environment hook '/home/daniele/ros2_ws/build/unicycle_controller/share/unicycle_controller/hook/pythonpath_develop.ps1'
[3.617s] INFO:colcon.colcon_core.shell:Creating environment descriptor '/home/daniele/ros2_ws/build/unicycle_controller/share/unicycle_controller/hook/pythonpath_develop.dsv'
[3.618s] INFO:colcon.colcon_core.shell:Creating environment hook '/home/daniele/ros2_ws/build/unicycle_controller/share/unicycle_controller/hook/pythonpath_develop.sh'
[3.620s] Level 1:colcon.colcon_core.environment:checking '/home/daniele/ros2_ws/install/unicycle_controller' for CMake module files
[3.622s] Level 1:colcon.colcon_core.environment:checking '/home/daniele/ros2_ws/install/unicycle_controller' for CMake config files
[3.622s] Level 1:colcon.colcon_core.environment:checking '/home/daniele/ros2_ws/install/unicycle_controller/lib'
[3.623s] Level 1:colcon.colcon_core.environment:checking '/home/daniele/ros2_ws/install/unicycle_controller/bin'
[3.623s] Level 1:colcon.colcon_core.environment:checking '/home/daniele/ros2_ws/install/unicycle_controller/lib/pkgconfig/unicycle_controller.pc'
[3.624s] Level 1:colcon.colcon_core.environment:checking '/home/daniele/ros2_ws/install/unicycle_controller/lib/python3.10/site-packages'
[3.624s] Level 1:colcon.colcon_core.shell:create_environment_hook('unicycle_controller', 'pythonpath')
[3.625s] INFO:colcon.colcon_core.shell:Creating environment hook '/home/daniele/ros2_ws/install/unicycle_controller/share/unicycle_controller/hook/pythonpath.ps1'
[3.627s] INFO:colcon.colcon_core.shell:Creating environment descriptor '/home/daniele/ros2_ws/install/unicycle_controller/share/unicycle_controller/hook/pythonpath.dsv'
[3.628s] INFO:colcon.colcon_core.shell:Creating environment hook '/home/daniele/ros2_ws/install/unicycle_controller/share/unicycle_controller/hook/pythonpath.sh'
[3.629s] Level 1:colcon.colcon_core.environment:checking '/home/daniele/ros2_ws/install/unicycle_controller/bin'
[3.629s] Level 1:colcon.colcon_core.environment:create_environment_scripts_only(unicycle_controller)
[3.630s] INFO:colcon.colcon_core.shell:Creating package script '/home/daniele/ros2_ws/install/unicycle_controller/share/unicycle_controller/package.ps1'
[3.631s] INFO:colcon.colcon_core.shell:Creating package descriptor '/home/daniele/ros2_ws/install/unicycle_controller/share/unicycle_controller/package.dsv'
[3.633s] INFO:colcon.colcon_core.shell:Creating package script '/home/daniele/ros2_ws/install/unicycle_controller/share/unicycle_controller/package.sh'
[3.634s] INFO:colcon.colcon_core.shell:Creating package script '/home/daniele/ros2_ws/install/unicycle_controller/share/unicycle_controller/package.bash'
[3.636s] INFO:colcon.colcon_core.shell:Creating package script '/home/daniele/ros2_ws/install/unicycle_controller/share/unicycle_controller/package.zsh'
[3.637s] Level 1:colcon.colcon_core.environment:create_file_with_runtime_dependencies(/home/daniele/ros2_ws/install/unicycle_controller/share/colcon-core/packages/unicycle_controller)
[3.638s] DEBUG:colcon.colcon_parallel_executor.executor.parallel:closing loop
[3.640s] DEBUG:colcon.colcon_parallel_executor.executor.parallel:loop closed
[3.640s] DEBUG:colcon.colcon_parallel_executor.executor.parallel:run_until_complete finished with '0'
[3.640s] DEBUG:colcon.colcon_core.event_reactor:joining thread
[3.652s] INFO:colcon.colcon_core.plugin_system:Skipping extension 'colcon_notification.desktop_notification.terminal_notifier': Not used on non-Darwin systems
[3.652s] INFO:colcon.colcon_core.plugin_system:Skipping extension 'colcon_notification.desktop_notification.win32': Not used on non-Windows systems
[3.653s] INFO:colcon.colcon_notification.desktop_notification:Sending desktop notification using 'notify2'
[3.697s] DEBUG:colcon.colcon_core.event_reactor:joined thread
[3.698s] INFO:colcon.colcon_core.shell:Creating prefix script '/home/daniele/ros2_ws/install/local_setup.ps1'
[3.700s] INFO:colcon.colcon_core.shell:Creating prefix util module '/home/daniele/ros2_ws/install/_local_setup_util_ps1.py'
[3.702s] INFO:colcon.colcon_core.shell:Creating prefix chain script '/home/daniele/ros2_ws/install/setup.ps1'
[3.705s] INFO:colcon.colcon_core.shell:Creating prefix script '/home/daniele/ros2_ws/install/local_setup.sh'
[3.706s] INFO:colcon.colcon_core.shell:Creating prefix util module '/home/daniele/ros2_ws/install/_local_setup_util_sh.py'
[3.707s] INFO:colcon.colcon_core.shell:Creating prefix chain script '/home/daniele/ros2_ws/install/setup.sh'
[3.709s] INFO:colcon.colcon_core.shell:Creating prefix script '/home/daniele/ros2_ws/install/local_setup.bash'
[3.711s] INFO:colcon.colcon_core.shell:Creating prefix chain script '/home/daniele/ros2_ws/install/setup.bash'
[3.715s] INFO:colcon.colcon_core.shell:Creating prefix script '/home/daniele/ros2_ws/install/local_setup.zsh'
[3.717s] INFO:colcon.colcon_core.shell:Creating prefix chain script '/home/daniele/ros2_ws/install/setup.zsh'
