-- Install configuration: ""
-- Execute custom install script
-- Up-to-date symlink: /home/daniele/ros2_ws/install/unicycle_model/share/unicycle_model/config/ball_tracker_params_robot.yaml
-- Up-to-date symlink: /home/daniele/ros2_ws/install/unicycle_model/share/unicycle_model/config/ball_tracker_params_sim.yaml
-- Up-to-date symlink: /home/daniele/ros2_ws/install/unicycle_model/share/unicycle_model/config/drive_bot.rviz
-- Up-to-date symlink: /home/daniele/ros2_ws/install/unicycle_model/share/unicycle_model/config/empty.yaml
-- Up-to-date symlink: /home/daniele/ros2_ws/install/unicycle_model/share/unicycle_model/config/gaz_ros2_ctl_use_sim.yaml
-- Up-to-date symlink: /home/daniele/ros2_ws/install/unicycle_model/share/unicycle_model/config/gazebo_params.yaml
-- Up-to-date symlink: /home/daniele/ros2_ws/install/unicycle_model/share/unicycle_model/config/joystick.yaml
-- Up-to-date symlink: /home/daniele/ros2_ws/install/unicycle_model/share/unicycle_model/config/main.rviz
-- Up-to-date symlink: /home/daniele/ros2_ws/install/unicycle_model/share/unicycle_model/config/map.rviz
-- Up-to-date symlink: /home/daniele/ros2_ws/install/unicycle_model/share/unicycle_model/config/mapper_params_online_async.yaml
-- Up-to-date symlink: /home/daniele/ros2_ws/install/unicycle_model/share/unicycle_model/config/my_controllers.yaml
-- Up-to-date symlink: /home/daniele/ros2_ws/install/unicycle_model/share/unicycle_model/config/nav2_params.yaml
-- Up-to-date symlink: /home/daniele/ros2_ws/install/unicycle_model/share/unicycle_model/config/twist_mux.yaml
-- Up-to-date symlink: /home/daniele/ros2_ws/install/unicycle_model/share/unicycle_model/config/view_bot.rviz
-- Up-to-date symlink: /home/daniele/ros2_ws/install/unicycle_model/share/unicycle_model/description/camera.xacro
-- Up-to-date symlink: /home/daniele/ros2_ws/install/unicycle_model/share/unicycle_model/description/depth_camera.xacro
-- Up-to-date symlink: /home/daniele/ros2_ws/install/unicycle_model/share/unicycle_model/description/face.xacro
-- Up-to-date symlink: /home/daniele/ros2_ws/install/unicycle_model/share/unicycle_model/description/gazebo_control.xacro
-- Up-to-date symlink: /home/daniele/ros2_ws/install/unicycle_model/share/unicycle_model/description/inertial_macros.xacro
-- Up-to-date symlink: /home/daniele/ros2_ws/install/unicycle_model/share/unicycle_model/description/lidar.xacro
-- Up-to-date symlink: /home/daniele/ros2_ws/install/unicycle_model/share/unicycle_model/description/robot.urdf.xacro
-- Up-to-date symlink: /home/daniele/ros2_ws/install/unicycle_model/share/unicycle_model/description/robot_core.xacro
-- Up-to-date symlink: /home/daniele/ros2_ws/install/unicycle_model/share/unicycle_model/description/ros2_control.xacro
-- Up-to-date symlink: /home/daniele/ros2_ws/install/unicycle_model/share/unicycle_model/launch/ball_tracker.launch.py
-- Up-to-date symlink: /home/daniele/ros2_ws/install/unicycle_model/share/unicycle_model/launch/camera.launch.py
-- Up-to-date symlink: /home/daniele/ros2_ws/install/unicycle_model/share/unicycle_model/launch/joystick.launch.py
-- Up-to-date symlink: /home/daniele/ros2_ws/install/unicycle_model/share/unicycle_model/launch/launch_robot.launch.py
-- Up-to-date symlink: /home/daniele/ros2_ws/install/unicycle_model/share/unicycle_model/launch/launch_sim.launch.py
-- Up-to-date symlink: /home/daniele/ros2_ws/install/unicycle_model/share/unicycle_model/launch/localization_launch.py
-- Up-to-date symlink: /home/daniele/ros2_ws/install/unicycle_model/share/unicycle_model/launch/navigation_launch.py
-- Up-to-date symlink: /home/daniele/ros2_ws/install/unicycle_model/share/unicycle_model/launch/online_async_launch.py
-- Up-to-date symlink: /home/daniele/ros2_ws/install/unicycle_model/share/unicycle_model/launch/rplidar.launch.py
-- Up-to-date symlink: /home/daniele/ros2_ws/install/unicycle_model/share/unicycle_model/launch/rsp.launch.py
-- Up-to-date symlink: /home/daniele/ros2_ws/install/unicycle_model/share/unicycle_model/worlds/empty.world
-- Up-to-date symlink: /home/daniele/ros2_ws/install/unicycle_model/share/unicycle_model/worlds/obstacles.world
-- Up-to-date symlink: /home/daniele/ros2_ws/install/unicycle_model/share/ament_index/resource_index/package_run_dependencies/unicycle_model
-- Up-to-date symlink: /home/daniele/ros2_ws/install/unicycle_model/share/ament_index/resource_index/parent_prefix_path/unicycle_model
-- Up-to-date symlink: /home/daniele/ros2_ws/install/unicycle_model/share/unicycle_model/environment/ament_prefix_path.sh
-- Up-to-date symlink: /home/daniele/ros2_ws/install/unicycle_model/share/unicycle_model/environment/ament_prefix_path.dsv
-- Up-to-date symlink: /home/daniele/ros2_ws/install/unicycle_model/share/unicycle_model/environment/path.sh
-- Up-to-date symlink: /home/daniele/ros2_ws/install/unicycle_model/share/unicycle_model/environment/path.dsv
-- Up-to-date symlink: /home/daniele/ros2_ws/install/unicycle_model/share/unicycle_model/local_setup.bash
-- Up-to-date symlink: /home/daniele/ros2_ws/install/unicycle_model/share/unicycle_model/local_setup.sh
-- Up-to-date symlink: /home/daniele/ros2_ws/install/unicycle_model/share/unicycle_model/local_setup.zsh
-- Up-to-date symlink: /home/daniele/ros2_ws/install/unicycle_model/share/unicycle_model/local_setup.dsv
-- Symlinking: /home/daniele/ros2_ws/install/unicycle_model/share/unicycle_model/package.dsv
-- Up-to-date symlink: /home/daniele/ros2_ws/install/unicycle_model/share/ament_index/resource_index/packages/unicycle_model
-- Up-to-date symlink: /home/daniele/ros2_ws/install/unicycle_model/share/unicycle_model/cmake/unicycle_modelConfig.cmake
-- Up-to-date symlink: /home/daniele/ros2_ws/install/unicycle_model/share/unicycle_model/cmake/unicycle_modelConfig-version.cmake
-- Up-to-date symlink: /home/daniele/ros2_ws/install/unicycle_model/share/unicycle_model/package.xml
