[0.027s] Invoking command in '/home/daniele/ros2_ws/build/unicycle_model': CMAKE_PREFIX_PATH=${CMAKE_PREFIX_PATH}:/opt/ros/humble MESA_EXTENSION_OVERRIDE=  -GL_ARB_buffer_storage   -GL_ARB_multi_draw_indirect   -GL_ARB_texture_buffer_range   -GL_ARB_compute_shader   -GL_ARB_ES3_compatibility /usr/bin/cmake --build /home/daniele/ros2_ws/build/unicycle_model -- -j4 -l4
[0.101s] -- Found ament_cmake: 1.3.10 (/opt/ros/humble/share/ament_cmake/cmake)
[0.362s] -- Override CMake install command with custom implementation using symlinks instead of copying resources
[0.395s] -- Found rclpy: 3.3.14 (/opt/ros/humble/share/rclpy/cmake)
[0.395s] -- Found ament_lint_auto: 0.12.11 (/opt/ros/humble/share/ament_lint_auto/cmake)
[0.549s] -- Added test 'copyright' to check source files copyright and LICENSE
[0.565s] -- Added test 'flake8' to check Python code syntax and style conventions
[0.568s] -- Added test 'lint_cmake' to check CMake code style
[0.570s] -- Added test 'pep257' to check Python code against some of the docstring style conventions in PEP 257
[0.579s] -- Added test 'xmllint' to check XML markup files
[0.583s] -- Configuring done
[0.601s] -- Generating done
[0.608s] -- Build files have been written to: /home/daniele/ros2_ws/build/unicycle_model
[0.660s] Invoked command in '/home/daniele/ros2_ws/build/unicycle_model' returned '0': CMAKE_PREFIX_PATH=${CMAKE_PREFIX_PATH}:/opt/ros/humble MESA_EXTENSION_OVERRIDE=  -GL_ARB_buffer_storage   -GL_ARB_multi_draw_indirect   -GL_ARB_texture_buffer_range   -GL_ARB_compute_shader   -GL_ARB_ES3_compatibility /usr/bin/cmake --build /home/daniele/ros2_ws/build/unicycle_model -- -j4 -l4
[0.745s] Invoking command in '/home/daniele/ros2_ws/build/unicycle_model': CMAKE_PREFIX_PATH=${CMAKE_PREFIX_PATH}:/opt/ros/humble MESA_EXTENSION_OVERRIDE=  -GL_ARB_buffer_storage   -GL_ARB_multi_draw_indirect   -GL_ARB_texture_buffer_range   -GL_ARB_compute_shader   -GL_ARB_ES3_compatibility /usr/bin/cmake --install /home/daniele/ros2_ws/build/unicycle_model
[0.761s] -- Install configuration: ""
[0.762s] -- Execute custom install script
[0.763s] -- Up-to-date symlink: /home/daniele/ros2_ws/install/unicycle_model/lib/unicycle_model/pose_subscriber.py
[0.763s] -- Up-to-date symlink: /home/daniele/ros2_ws/install/unicycle_model/share/unicycle_model/config/drive_bot.rviz
[0.764s] -- Up-to-date symlink: /home/daniele/ros2_ws/install/unicycle_model/share/unicycle_model/config/my_controllers.yaml
[0.765s] -- Up-to-date symlink: /home/daniele/ros2_ws/install/unicycle_model/share/unicycle_model/config/view_bot.rviz
[0.765s] -- Up-to-date symlink: /home/daniele/ros2_ws/install/unicycle_model/share/unicycle_model/description/gazebo_control.xacro
[0.765s] -- Up-to-date symlink: /home/daniele/ros2_ws/install/unicycle_model/share/unicycle_model/description/inertial_macros.xacro
[0.766s] -- Up-to-date symlink: /home/daniele/ros2_ws/install/unicycle_model/share/unicycle_model/description/robot.urdf.xacro
[0.766s] -- Up-to-date symlink: /home/daniele/ros2_ws/install/unicycle_model/share/unicycle_model/description/robot_core.xacro
[0.766s] -- Up-to-date symlink: /home/daniele/ros2_ws/install/unicycle_model/share/unicycle_model/description/ros2_control.xacro
[0.766s] -- Up-to-date symlink: /home/daniele/ros2_ws/install/unicycle_model/share/unicycle_model/launch/launch_sim.launch.py
[0.767s] -- Up-to-date symlink: /home/daniele/ros2_ws/install/unicycle_model/share/unicycle_model/launch/rsp.launch.py
[0.767s] -- Up-to-date symlink: /home/daniele/ros2_ws/install/unicycle_model/share/unicycle_model/worlds/empty.world
[0.768s] -- Up-to-date symlink: /home/daniele/ros2_ws/install/unicycle_model/share/unicycle_model/worlds/obstacles.world
[0.769s] -- Up-to-date symlink: /home/daniele/ros2_ws/install/unicycle_model/share/ament_index/resource_index/package_run_dependencies/unicycle_model
[0.769s] -- Up-to-date symlink: /home/daniele/ros2_ws/install/unicycle_model/share/ament_index/resource_index/parent_prefix_path/unicycle_model
[0.770s] -- Up-to-date symlink: /home/daniele/ros2_ws/install/unicycle_model/share/unicycle_model/environment/ament_prefix_path.sh
[0.770s] -- Up-to-date symlink: /home/daniele/ros2_ws/install/unicycle_model/share/unicycle_model/environment/ament_prefix_path.dsv
[0.770s] -- Up-to-date symlink: /home/daniele/ros2_ws/install/unicycle_model/share/unicycle_model/environment/path.sh
[0.771s] -- Up-to-date symlink: /home/daniele/ros2_ws/install/unicycle_model/share/unicycle_model/environment/path.dsv
[0.771s] -- Up-to-date symlink: /home/daniele/ros2_ws/install/unicycle_model/share/unicycle_model/local_setup.bash
[0.772s] -- Up-to-date symlink: /home/daniele/ros2_ws/install/unicycle_model/share/unicycle_model/local_setup.sh
[0.772s] -- Up-to-date symlink: /home/daniele/ros2_ws/install/unicycle_model/share/unicycle_model/local_setup.zsh
[0.773s] -- Up-to-date symlink: /home/daniele/ros2_ws/install/unicycle_model/share/unicycle_model/local_setup.dsv
[0.773s] -- Symlinking: /home/daniele/ros2_ws/install/unicycle_model/share/unicycle_model/package.dsv
[0.794s] -- Up-to-date symlink: /home/daniele/ros2_ws/install/unicycle_model/share/ament_index/resource_index/packages/unicycle_model
[0.795s] -- Up-to-date symlink: /home/daniele/ros2_ws/install/unicycle_model/share/unicycle_model/cmake/unicycle_modelConfig.cmake
[0.795s] -- Up-to-date symlink: /home/daniele/ros2_ws/install/unicycle_model/share/unicycle_model/cmake/unicycle_modelConfig-version.cmake
[0.795s] -- Up-to-date symlink: /home/daniele/ros2_ws/install/unicycle_model/share/unicycle_model/package.xml
[0.801s] Invoked command in '/home/daniele/ros2_ws/build/unicycle_model' returned '0': CMAKE_PREFIX_PATH=${CMAKE_PREFIX_PATH}:/opt/ros/humble MESA_EXTENSION_OVERRIDE=  -GL_ARB_buffer_storage   -GL_ARB_multi_draw_indirect   -GL_ARB_texture_buffer_range   -GL_ARB_compute_shader   -GL_ARB_ES3_compatibility /usr/bin/cmake --install /home/daniele/ros2_ws/build/unicycle_model
