[0.302s] DEBUG:colcon:Command line arguments: ['/usr/bin/colcon', 'build', '--symlink-install']
[0.302s] DEBUG:colcon:Parsed command line arguments: Namespace(log_base=None, log_level=None, verb_name='build', build_base='build', install_base='install', merge_install=False, symlink_install=True, test_result_base=None, continue_on_error=False, executor='parallel', parallel_workers=4, event_handlers=None, ignore_user_meta=False, metas=['./colcon.meta'], base_paths=['.'], packages_ignore=None, packages_ignore_regex=None, paths=None, packages_up_to=None, packages_up_to_regex=None, packages_above=None, packages_above_and_dependencies=None, packages_above_depth=None, packages_select_by_dep=None, packages_skip_by_dep=None, packages_skip_up_to=None, packages_select_build_failed=False, packages_skip_build_finished=False, packages_select_test_failures=False, packages_skip_test_passed=False, packages_select=None, packages_skip=None, packages_select_regex=None, packages_skip_regex=None, packages_start=None, packages_end=None, allow_overriding=[], cmake_args=None, cmake_target=None, cmake_target_skip_unavailable=False, cmake_clean_cache=False, cmake_clean_first=False, cmake_force_configure=False, ament_cmake_args=None, catkin_cmake_args=None, catkin_skip_building_tests=False, mixin_files=None, mixin=None, verb_parser=<colcon_mixin.mixin.mixin_argument.MixinArgumentDecorator object at 0x7e8f13545ea0>, verb_extension=<colcon_core.verb.build.BuildVerb object at 0x7e8f13545a50>, main=<bound method BuildVerb.main of <colcon_core.verb.build.BuildVerb object at 0x7e8f13545a50>>, mixin_verb=('build',))
[0.892s] Level 1:colcon.colcon_core.package_discovery:discover_packages(colcon_meta) check parameters
[0.892s] Level 1:colcon.colcon_core.package_discovery:discover_packages(recursive) check parameters
[0.892s] Level 1:colcon.colcon_core.package_discovery:discover_packages(ignore) check parameters
[0.892s] Level 1:colcon.colcon_core.package_discovery:discover_packages(path) check parameters
[0.892s] Level 1:colcon.colcon_core.package_discovery:discover_packages(colcon_meta) discover
[0.892s] Level 1:colcon.colcon_core.package_discovery:discover_packages(recursive) discover
[0.892s] INFO:colcon.colcon_core.package_discovery:Crawling recursively for packages in '/home/daniele/ros2_ws'
[0.893s] Level 1:colcon.colcon_core.package_identification:_identify(.) by extensions ['ignore', 'ignore_ament_install']
[0.893s] Level 1:colcon.colcon_core.package_identification:_identify(.) by extension 'ignore'
[0.893s] Level 1:colcon.colcon_core.package_identification:_identify(.) by extension 'ignore_ament_install'
[0.893s] Level 1:colcon.colcon_core.package_identification:_identify(.) by extensions ['colcon_pkg']
[0.893s] Level 1:colcon.colcon_core.package_identification:_identify(.) by extension 'colcon_pkg'
[0.893s] Level 1:colcon.colcon_core.package_identification:_identify(.) by extensions ['colcon_meta']
[0.893s] Level 1:colcon.colcon_core.package_identification:_identify(.) by extension 'colcon_meta'
[0.893s] Level 1:colcon.colcon_core.package_identification:_identify(.) by extensions ['ros']
[0.893s] Level 1:colcon.colcon_core.package_identification:_identify(.) by extension 'ros'
[0.912s] Level 1:colcon.colcon_core.package_identification:_identify(.) by extensions ['cmake', 'python']
[0.912s] Level 1:colcon.colcon_core.package_identification:_identify(.) by extension 'cmake'
[0.912s] Level 1:colcon.colcon_core.package_identification:_identify(.) by extension 'python'
[0.912s] Level 1:colcon.colcon_core.package_identification:_identify(.) by extensions ['python_setup_py']
[0.912s] Level 1:colcon.colcon_core.package_identification:_identify(.) by extension 'python_setup_py'
[0.914s] Level 1:colcon.colcon_core.package_identification:_identify(build) by extensions ['ignore', 'ignore_ament_install']
[0.914s] Level 1:colcon.colcon_core.package_identification:_identify(build) by extension 'ignore'
[0.914s] Level 1:colcon.colcon_core.package_identification:_identify(build) ignored
[0.916s] Level 1:colcon.colcon_core.package_identification:_identify(install) by extensions ['ignore', 'ignore_ament_install']
[0.916s] Level 1:colcon.colcon_core.package_identification:_identify(install) by extension 'ignore'
[0.916s] Level 1:colcon.colcon_core.package_identification:_identify(install) ignored
[0.916s] Level 1:colcon.colcon_core.package_identification:_identify(log) by extensions ['ignore', 'ignore_ament_install']
[0.916s] Level 1:colcon.colcon_core.package_identification:_identify(log) by extension 'ignore'
[0.917s] Level 1:colcon.colcon_core.package_identification:_identify(log) ignored
[0.918s] Level 1:colcon.colcon_core.package_identification:_identify(src) by extensions ['ignore', 'ignore_ament_install']
[0.918s] Level 1:colcon.colcon_core.package_identification:_identify(src) by extension 'ignore'
[0.918s] Level 1:colcon.colcon_core.package_identification:_identify(src) by extension 'ignore_ament_install'
[0.918s] Level 1:colcon.colcon_core.package_identification:_identify(src) by extensions ['colcon_pkg']
[0.918s] Level 1:colcon.colcon_core.package_identification:_identify(src) by extension 'colcon_pkg'
[0.919s] Level 1:colcon.colcon_core.package_identification:_identify(src) by extensions ['colcon_meta']
[0.919s] Level 1:colcon.colcon_core.package_identification:_identify(src) by extension 'colcon_meta'
[0.919s] Level 1:colcon.colcon_core.package_identification:_identify(src) by extensions ['ros']
[0.919s] Level 1:colcon.colcon_core.package_identification:_identify(src) by extension 'ros'
[0.919s] Level 1:colcon.colcon_core.package_identification:_identify(src) by extensions ['cmake', 'python']
[0.919s] Level 1:colcon.colcon_core.package_identification:_identify(src) by extension 'cmake'
[0.919s] Level 1:colcon.colcon_core.package_identification:_identify(src) by extension 'python'
[0.919s] Level 1:colcon.colcon_core.package_identification:_identify(src) by extensions ['python_setup_py']
[0.919s] Level 1:colcon.colcon_core.package_identification:_identify(src) by extension 'python_setup_py'
[0.919s] Level 1:colcon.colcon_core.package_identification:_identify(src/unicycle_model) by extensions ['ignore', 'ignore_ament_install']
[0.919s] Level 1:colcon.colcon_core.package_identification:_identify(src/unicycle_model) by extension 'ignore'
[0.920s] Level 1:colcon.colcon_core.package_identification:_identify(src/unicycle_model) by extension 'ignore_ament_install'
[0.920s] Level 1:colcon.colcon_core.package_identification:_identify(src/unicycle_model) by extensions ['colcon_pkg']
[0.920s] Level 1:colcon.colcon_core.package_identification:_identify(src/unicycle_model) by extension 'colcon_pkg'
[0.920s] Level 1:colcon.colcon_core.package_identification:_identify(src/unicycle_model) by extensions ['colcon_meta']
[0.920s] Level 1:colcon.colcon_core.package_identification:_identify(src/unicycle_model) by extension 'colcon_meta'
[0.920s] Level 1:colcon.colcon_core.package_identification:_identify(src/unicycle_model) by extensions ['ros']
[0.920s] Level 1:colcon.colcon_core.package_identification:_identify(src/unicycle_model) by extension 'ros'
[0.927s] DEBUG:colcon.colcon_core.package_identification:Package 'src/unicycle_model' with type 'ros.ament_cmake' and name 'unicycle_model'
[0.927s] Level 1:colcon.colcon_core.package_discovery:discover_packages(recursive) using defaults
[0.927s] Level 1:colcon.colcon_core.package_discovery:discover_packages(ignore) discover
[0.927s] Level 1:colcon.colcon_core.package_discovery:discover_packages(ignore) using defaults
[0.927s] Level 1:colcon.colcon_core.package_discovery:discover_packages(path) discover
[0.927s] Level 1:colcon.colcon_core.package_discovery:discover_packages(path) using defaults
[0.978s] Level 1:colcon.colcon_core.package_discovery:discover_packages(prefix_path) check parameters
[0.978s] Level 1:colcon.colcon_core.package_discovery:discover_packages(prefix_path) discover
[0.987s] DEBUG:colcon.colcon_installed_package_information.package_discovery:Found 1 installed packages in /home/daniele/ros2_ws/install
[0.990s] DEBUG:colcon.colcon_installed_package_information.package_discovery:Found 273 installed packages in /opt/ros/humble
[1.006s] Level 1:colcon.colcon_core.package_discovery:discover_packages(prefix_path) using defaults
[1.081s] Level 5:colcon.colcon_core.verb:set package 'unicycle_model' build argument 'cmake_args' from command line to 'None'
[1.081s] Level 5:colcon.colcon_core.verb:set package 'unicycle_model' build argument 'cmake_target' from command line to 'None'
[1.081s] Level 5:colcon.colcon_core.verb:set package 'unicycle_model' build argument 'cmake_target_skip_unavailable' from command line to 'False'
[1.081s] Level 5:colcon.colcon_core.verb:set package 'unicycle_model' build argument 'cmake_clean_cache' from command line to 'False'
[1.081s] Level 5:colcon.colcon_core.verb:set package 'unicycle_model' build argument 'cmake_clean_first' from command line to 'False'
[1.081s] Level 5:colcon.colcon_core.verb:set package 'unicycle_model' build argument 'cmake_force_configure' from command line to 'False'
[1.081s] Level 5:colcon.colcon_core.verb:set package 'unicycle_model' build argument 'ament_cmake_args' from command line to 'None'
[1.081s] Level 5:colcon.colcon_core.verb:set package 'unicycle_model' build argument 'catkin_cmake_args' from command line to 'None'
[1.081s] Level 5:colcon.colcon_core.verb:set package 'unicycle_model' build argument 'catkin_skip_building_tests' from command line to 'False'
[1.081s] DEBUG:colcon.colcon_core.verb:Building package 'unicycle_model' with the following arguments: {'ament_cmake_args': None, 'build_base': '/home/daniele/ros2_ws/build/unicycle_model', 'catkin_cmake_args': None, 'catkin_skip_building_tests': False, 'cmake_args': None, 'cmake_clean_cache': False, 'cmake_clean_first': False, 'cmake_force_configure': False, 'cmake_target': None, 'cmake_target_skip_unavailable': False, 'install_base': '/home/daniele/ros2_ws/install/unicycle_model', 'merge_install': False, 'path': '/home/daniele/ros2_ws/src/unicycle_model', 'symlink_install': True, 'test_result_base': None}
[1.081s] INFO:colcon.colcon_core.executor:Executing jobs using 'parallel' executor
[1.083s] DEBUG:colcon.colcon_parallel_executor.executor.parallel:run_until_complete
[1.083s] INFO:colcon.colcon_ros.task.ament_cmake.build:Building ROS package in '/home/daniele/ros2_ws/src/unicycle_model' with build type 'ament_cmake'
[1.084s] INFO:colcon.colcon_cmake.task.cmake.build:Building CMake package in '/home/daniele/ros2_ws/src/unicycle_model'
[1.094s] INFO:colcon.colcon_core.plugin_system:Skipping extension 'colcon_core.shell.bat': Not used on non-Windows systems
[1.094s] INFO:colcon.colcon_core.shell:Skip shell extension 'powershell' for command environment: Not usable outside of PowerShell
[1.094s] DEBUG:colcon.colcon_core.shell:Skip shell extension 'dsv' for command environment
[1.124s] DEBUG:colcon.colcon_core.event_handler.log_command:Invoking command in '/home/daniele/ros2_ws/build/unicycle_model': CMAKE_PREFIX_PATH=${CMAKE_PREFIX_PATH}:/opt/ros/humble MESA_EXTENSION_OVERRIDE=  -GL_ARB_buffer_storage   -GL_ARB_multi_draw_indirect   -GL_ARB_texture_buffer_range   -GL_ARB_compute_shader   -GL_ARB_ES3_compatibility /usr/bin/cmake --build /home/daniele/ros2_ws/build/unicycle_model -- -j4 -l4
[1.231s] DEBUG:colcon.colcon_core.event_handler.log_command:Invoked command in '/home/daniele/ros2_ws/build/unicycle_model' returned '0': CMAKE_PREFIX_PATH=${CMAKE_PREFIX_PATH}:/opt/ros/humble MESA_EXTENSION_OVERRIDE=  -GL_ARB_buffer_storage   -GL_ARB_multi_draw_indirect   -GL_ARB_texture_buffer_range   -GL_ARB_compute_shader   -GL_ARB_ES3_compatibility /usr/bin/cmake --build /home/daniele/ros2_ws/build/unicycle_model -- -j4 -l4
[1.309s] DEBUG:colcon.colcon_core.event_handler.log_command:Invoking command in '/home/daniele/ros2_ws/build/unicycle_model': CMAKE_PREFIX_PATH=${CMAKE_PREFIX_PATH}:/opt/ros/humble MESA_EXTENSION_OVERRIDE=  -GL_ARB_buffer_storage   -GL_ARB_multi_draw_indirect   -GL_ARB_texture_buffer_range   -GL_ARB_compute_shader   -GL_ARB_ES3_compatibility /usr/bin/cmake --install /home/daniele/ros2_ws/build/unicycle_model
[1.358s] Level 1:colcon.colcon_core.environment:create_environment_scripts_only(unicycle_model)
[1.359s] DEBUG:colcon.colcon_core.event_handler.log_command:Invoked command in '/home/daniele/ros2_ws/build/unicycle_model' returned '0': CMAKE_PREFIX_PATH=${CMAKE_PREFIX_PATH}:/opt/ros/humble MESA_EXTENSION_OVERRIDE=  -GL_ARB_buffer_storage   -GL_ARB_multi_draw_indirect   -GL_ARB_texture_buffer_range   -GL_ARB_compute_shader   -GL_ARB_ES3_compatibility /usr/bin/cmake --install /home/daniele/ros2_ws/build/unicycle_model
[1.370s] Level 1:colcon.colcon_core.environment:checking '/home/daniele/ros2_ws/install/unicycle_model' for CMake module files
[1.371s] Level 1:colcon.colcon_core.environment:checking '/home/daniele/ros2_ws/install/unicycle_model' for CMake config files
[1.376s] Level 1:colcon.colcon_core.shell:create_environment_hook('unicycle_model', 'cmake_prefix_path')
[1.377s] INFO:colcon.colcon_core.shell:Creating environment hook '/home/daniele/ros2_ws/install/unicycle_model/share/unicycle_model/hook/cmake_prefix_path.ps1'
[1.378s] INFO:colcon.colcon_core.shell:Creating environment descriptor '/home/daniele/ros2_ws/install/unicycle_model/share/unicycle_model/hook/cmake_prefix_path.dsv'
[1.380s] INFO:colcon.colcon_core.shell:Creating environment hook '/home/daniele/ros2_ws/install/unicycle_model/share/unicycle_model/hook/cmake_prefix_path.sh'
[1.382s] Level 1:colcon.colcon_core.environment:checking '/home/daniele/ros2_ws/install/unicycle_model/bin'
[1.382s] Level 1:colcon.colcon_core.environment:checking '/home/daniele/ros2_ws/install/unicycle_model/lib/pkgconfig/unicycle_model.pc'
[1.383s] Level 1:colcon.colcon_core.environment:checking '/home/daniele/ros2_ws/install/unicycle_model/lib/python3.10/site-packages'
[1.383s] Level 1:colcon.colcon_core.environment:checking '/home/daniele/ros2_ws/install/unicycle_model/bin'
[1.383s] INFO:colcon.colcon_core.shell:Creating package script '/home/daniele/ros2_ws/install/unicycle_model/share/unicycle_model/package.ps1'
[1.386s] INFO:colcon.colcon_core.shell:Creating package descriptor '/home/daniele/ros2_ws/install/unicycle_model/share/unicycle_model/package.dsv'
[1.388s] INFO:colcon.colcon_core.shell:Creating package script '/home/daniele/ros2_ws/install/unicycle_model/share/unicycle_model/package.sh'
[1.389s] INFO:colcon.colcon_core.shell:Creating package script '/home/daniele/ros2_ws/install/unicycle_model/share/unicycle_model/package.bash'
[1.391s] INFO:colcon.colcon_core.shell:Creating package script '/home/daniele/ros2_ws/install/unicycle_model/share/unicycle_model/package.zsh'
[1.393s] Level 1:colcon.colcon_core.environment:create_file_with_runtime_dependencies(/home/daniele/ros2_ws/install/unicycle_model/share/colcon-core/packages/unicycle_model)
[1.447s] Level 1:colcon.colcon_core.environment:create_environment_scripts_only(unicycle_model)
[1.448s] Level 1:colcon.colcon_core.environment:checking '/home/daniele/ros2_ws/install/unicycle_model' for CMake module files
[1.448s] Level 1:colcon.colcon_core.environment:checking '/home/daniele/ros2_ws/install/unicycle_model' for CMake config files
[1.449s] Level 1:colcon.colcon_core.shell:create_environment_hook('unicycle_model', 'cmake_prefix_path')
[1.450s] INFO:colcon.colcon_core.shell:Creating environment hook '/home/daniele/ros2_ws/install/unicycle_model/share/unicycle_model/hook/cmake_prefix_path.ps1'
[1.450s] INFO:colcon.colcon_core.shell:Creating environment descriptor '/home/daniele/ros2_ws/install/unicycle_model/share/unicycle_model/hook/cmake_prefix_path.dsv'
[1.451s] INFO:colcon.colcon_core.shell:Creating environment hook '/home/daniele/ros2_ws/install/unicycle_model/share/unicycle_model/hook/cmake_prefix_path.sh'
[1.452s] Level 1:colcon.colcon_core.environment:checking '/home/daniele/ros2_ws/install/unicycle_model/bin'
[1.452s] Level 1:colcon.colcon_core.environment:checking '/home/daniele/ros2_ws/install/unicycle_model/lib/pkgconfig/unicycle_model.pc'
[1.453s] Level 1:colcon.colcon_core.environment:checking '/home/daniele/ros2_ws/install/unicycle_model/lib/python3.10/site-packages'
[1.453s] Level 1:colcon.colcon_core.environment:checking '/home/daniele/ros2_ws/install/unicycle_model/bin'
[1.453s] INFO:colcon.colcon_core.shell:Creating package script '/home/daniele/ros2_ws/install/unicycle_model/share/unicycle_model/package.ps1'
[1.455s] INFO:colcon.colcon_core.shell:Creating package descriptor '/home/daniele/ros2_ws/install/unicycle_model/share/unicycle_model/package.dsv'
[1.455s] INFO:colcon.colcon_core.shell:Creating package script '/home/daniele/ros2_ws/install/unicycle_model/share/unicycle_model/package.sh'
[1.456s] INFO:colcon.colcon_core.shell:Creating package script '/home/daniele/ros2_ws/install/unicycle_model/share/unicycle_model/package.bash'
[1.457s] INFO:colcon.colcon_core.shell:Creating package script '/home/daniele/ros2_ws/install/unicycle_model/share/unicycle_model/package.zsh'
[1.458s] Level 1:colcon.colcon_core.environment:create_file_with_runtime_dependencies(/home/daniele/ros2_ws/install/unicycle_model/share/colcon-core/packages/unicycle_model)
[1.458s] DEBUG:colcon.colcon_parallel_executor.executor.parallel:closing loop
[1.458s] DEBUG:colcon.colcon_parallel_executor.executor.parallel:loop closed
[1.459s] DEBUG:colcon.colcon_parallel_executor.executor.parallel:run_until_complete finished with '0'
[1.460s] DEBUG:colcon.colcon_core.event_reactor:joining thread
[1.483s] INFO:colcon.colcon_core.plugin_system:Skipping extension 'colcon_notification.desktop_notification.terminal_notifier': Not used on non-Darwin systems
[1.483s] INFO:colcon.colcon_core.plugin_system:Skipping extension 'colcon_notification.desktop_notification.win32': Not used on non-Windows systems
[1.483s] INFO:colcon.colcon_notification.desktop_notification:Sending desktop notification using 'notify2'
[1.524s] DEBUG:colcon.colcon_core.event_reactor:joined thread
[1.525s] INFO:colcon.colcon_core.shell:Creating prefix script '/home/daniele/ros2_ws/install/local_setup.ps1'
[1.527s] INFO:colcon.colcon_core.shell:Creating prefix util module '/home/daniele/ros2_ws/install/_local_setup_util_ps1.py'
[1.533s] INFO:colcon.colcon_core.shell:Creating prefix chain script '/home/daniele/ros2_ws/install/setup.ps1'
[1.536s] INFO:colcon.colcon_core.shell:Creating prefix script '/home/daniele/ros2_ws/install/local_setup.sh'
[1.540s] INFO:colcon.colcon_core.shell:Creating prefix util module '/home/daniele/ros2_ws/install/_local_setup_util_sh.py'
[1.541s] INFO:colcon.colcon_core.shell:Creating prefix chain script '/home/daniele/ros2_ws/install/setup.sh'
[1.544s] INFO:colcon.colcon_core.shell:Creating prefix script '/home/daniele/ros2_ws/install/local_setup.bash'
[1.548s] INFO:colcon.colcon_core.shell:Creating prefix chain script '/home/daniele/ros2_ws/install/setup.bash'
[1.550s] INFO:colcon.colcon_core.shell:Creating prefix script '/home/daniele/ros2_ws/install/local_setup.zsh'
[1.552s] INFO:colcon.colcon_core.shell:Creating prefix chain script '/home/daniele/ros2_ws/install/setup.zsh'
